"/Users/antoinejohn/Documents/Unreal Projects/Runner1/Runner1.uproject" 1
"../../../Engine/Plugins/2D/Paper2D/Paper2D.uplugin" 2
"../../../Engine/Plugins/Blendables/LightPropagationVolume/LightPropagationVolume.uplugin" 3
"../../../Engine/Plugins/Developer/BlankPlugin/BlankPlugin.uplugin" 4
"../../../Engine/Plugins/Developer/CodeLiteSourceCodeAccess/CodeLiteSourceCodeAccess.uplugin" 5
"../../../Engine/Plugins/Developer/GitSourceControl/GitSourceControl.uplugin" 6
"../../../Engine/Plugins/Developer/KDevelopSourceCodeAccess/KDevelopSourceCodeAccess.uplugin" 7
"../../../Engine/Plugins/Developer/NullSourceCodeAccess/NullSourceCodeAccess.uplugin" 8
"../../../Engine/Plugins/Developer/OneSkyLocalizationService/OneSkyLocalizationService.uplugin" 9
"../../../Engine/Plugins/Developer/PerforceSourceControl/PerforceSourceControl.uplugin" 10
"../../../Engine/Plugins/Developer/SubversionSourceControl/SubversionSourceControl.uplugin" 11
"../../../Engine/Plugins/Developer/UObjectPlugin/UObjectPlugin.uplugin" 12
"../../../Engine/Plugins/Developer/VisualStudioSourceCodeAccess/VisualStudioSourceCodeAccess.uplugin" 13
"../../../Engine/Plugins/Developer/XCodeSourceCodeAccess/XCodeSourceCodeAccess.uplugin" 14
"../../../Engine/Plugins/Editor/EpicSurvey/EpicSurvey.uplugin" 15
"../../../Engine/Plugins/Editor/MacGraphicsSwitching/MacGraphicsSwitching.uplugin" 16
"../../../Engine/Plugins/Editor/PluginBrowser/PluginBrowser.uplugin" 17
"../../../Engine/Plugins/Editor/SpeedTreeImporter/SpeedTreeImporter.uplugin" 18
"../../../Engine/Plugins/Experimental/BlueprintStats/BlueprintStats.uplugin" 19
"../../../Engine/Plugins/Experimental/CharacterAI/CharacterAI.uplugin" 20
"../../../Engine/Plugins/Experimental/CodeEditor/CodeEditor.uplugin" 21
"../../../Engine/Plugins/Experimental/CodeView/CodeView.uplugin" 22
"../../../Engine/Plugins/Experimental/HTML5Networking/HTML5Networking.uplugin" 23
"../../../Engine/Plugins/Experimental/LiveEditor/LiveEditor.uplugin" 24
"../../../Engine/Plugins/Experimental/Phya/Phya.uplugin" 25
"../../../Engine/Plugins/Experimental/SimpleHMD/SimpleHMD.uplugin" 26
"../../../Engine/Plugins/Experimental/StructBox/StructBox.uplugin" 27
"../../../Engine/Plugins/Media/AndroidMedia/AndroidMedia.uplugin" 28
"../../../Engine/Plugins/Media/AvfMedia/AvfMedia.uplugin" 29
"../../../Engine/Plugins/Media/MediaPlayerEditor/MediaPlayerEditor.uplugin" 30
"../../../Engine/Plugins/Media/WmfMedia/WmfMedia.uplugin" 31
"../../../Engine/Plugins/Messaging/MessagingDebugger/MessagingDebugger.uplugin" 32
"../../../Engine/Plugins/Messaging/UdpMessaging/UdpMessaging.uplugin" 33
"../../../Engine/Plugins/NetcodeUnitTest/NetcodeUnitTest/NetcodeUnitTest.uplugin" 34
"../../../Engine/Plugins/NetcodeUnitTest/NUTUnrealEngine4/NUTUnrealEngine4.uplugin" 35
"../../../Engine/Plugins/Runtime/Advertising/IOSTapJoy/IOSTapJoy.uplugin" 36
"../../../Engine/Plugins/Runtime/Analytics/AnalyticsBlueprintLibrary/AnalyticsBlueprintLibrary.uplugin" 37
"../../../Engine/Plugins/Runtime/Analytics/AnalyticsMulticast/AnalyticsMulticast.uplugin" 38
"../../../Engine/Plugins/Runtime/Analytics/Apsalar/IOSApsalar/IOSApsalar.uplugin" 39
"../../../Engine/Plugins/Runtime/Analytics/FileLogging/FileLogging.uplugin" 40
"../../../Engine/Plugins/Runtime/Analytics/Flurry/IOSFlurry/IOSFlurry.uplugin" 41
"../../../Engine/Plugins/Runtime/AndroidDeviceProfileSelector/AndroidDeviceProfileSelector.uplugin" 42
"../../../Engine/Plugins/Runtime/AndroidMoviePlayer/AndroidMoviePlayer.uplugin" 43
"../../../Engine/Plugins/Runtime/AppleMoviePlayer/AppleMoviePlayer.uplugin" 44
"../../../Engine/Plugins/Runtime/ArchVisCharacter/ArchVisCharacter.uplugin" 45
"../../../Engine/Plugins/Runtime/CableComponent/CableComponent.uplugin" 46
"../../../Engine/Plugins/Runtime/CustomMeshComponent/CustomMeshComponent.uplugin" 47
"../../../Engine/Plugins/Runtime/ExampleDeviceProfileSelector/ExampleDeviceProfileSelector.uplugin" 48
"../../../Engine/Plugins/Runtime/GearVR/GearVR.uplugin" 49
"../../../Engine/Plugins/Runtime/IOSDeviceProfileSelector/IOSDeviceProfileSelector.uplugin" 50
"../../../Engine/Plugins/Runtime/LeapMotionController/LeapMotionController.uplugin" 51
"../../../Engine/Plugins/Runtime/LiveEditorListenServer/LiveEditorListenServer.uplugin" 52
"../../../Engine/Plugins/Runtime/OculusAudio/OculusAudio.uplugin" 53
"../../../Engine/Plugins/Runtime/OculusLibrary/OculusLibrary.uplugin" 54
"../../../Engine/Plugins/Runtime/OculusRift/OculusRift.uplugin" 55
"../../../Engine/Plugins/Runtime/ProceduralMeshComponent/ProceduralMeshComponent.uplugin" 56
"../../../Engine/Plugins/Runtime/SoundMod/SoundMod.uplugin" 57
"../../../Engine/Plugins/Runtime/SoundVisualizations/SoundVisualizations.uplugin" 58
"../../../Engine/Plugins/Runtime/Steam/SteamController/SteamController.uplugin" 59
"../../../Engine/Plugins/Runtime/Steam/SteamVR/SteamVR.uplugin" 60
"../../../Engine/Plugins/Runtime/WebBrowserWidget/WebBrowserWidget.uplugin" 61
"../../../Engine/Plugins/Runtime/WindowsDeviceProfileSelector/WindowsDeviceProfileSelector.uplugin" 62
"../../../Engine/Plugins/Runtime/WindowsMoviePlayer/WindowsMoviePlayer.uplugin" 63
"../../../Engine/Plugins/ScriptGeneratorPlugin/ScriptGeneratorPlugin.uplugin" 64
"../../../Engine/Plugins/ScriptPlugin/ScriptPlugin.uplugin" 65
"../../../Engine/Plugins/Slate/SlateRemote/SlateRemote.uplugin" 66
"../../../Engine/Content/Internationalization/icudt53l/cnvalias.icu" 67
"../../../Engine/Content/Internationalization/icudt53l/en_US_POSIX.res" 68
"../../../Engine/Content/Internationalization/icudt53l/pool.res" 69
"../../../Engine/Content/Internationalization/icudt53l/en_US.res" 70
"../../../Engine/Content/Internationalization/icudt53l/en.res" 71
"../../../Engine/Content/Internationalization/icudt53l/root.res" 72
"../../../Engine/Content/Internationalization/icudt53l/en_SG.res" 73
"../../../Engine/Content/Internationalization/icudt53l/en_GB.res" 74
"../../../Engine/Content/Internationalization/icudt53l/en_001.res" 75
"/Users/antoinejohn/Library/Application Support/Epic/Epic Games/KeyValueStore.ini" 76
"/Users/antoinejohn/Library/Application Support/Epic/UnrealEngine/4.9/Saved/Config/Mac/Manifest.ini" 77
"../../../Engine/Config/Base.ini" 78
"../../../Engine/Config/BaseEngine.ini" 79
"/Users/antoinejohn/Documents/Unreal Projects/Runner1/Config/DefaultEngine.ini" 80
"../../../Engine/Config/Mac/MacEngine.ini" 81
"/Users/antoinejohn/Library/Preferences/Unreal Engine/Runner1Editor/Mac/Engine.ini" 82
"../../../../../../antoinejohn/Documents/Unreal Projects/Runner1/Intermediate/Config/CoalescedSourceConfigs/Engine.ini" 83
"../../../Engine/Config/BaseGame.ini" 84
"/Users/antoinejohn/Documents/Unreal Projects/Runner1/Config/DefaultGame.ini" 85
"/Users/antoinejohn/Library/Preferences/Unreal Engine/Runner1Editor/Mac/Game.ini" 86
"../../../../../../antoinejohn/Documents/Unreal Projects/Runner1/Intermediate/Config/CoalescedSourceConfigs/Game.ini" 87
"../../../Engine/Config/BaseInput.ini" 88
"/Users/antoinejohn/Documents/Unreal Projects/Runner1/Config/DefaultInput.ini" 89
"/Users/antoinejohn/Library/Preferences/Unreal Engine/Runner1Editor/Mac/Input.ini" 90
"../../../../../../antoinejohn/Documents/Unreal Projects/Runner1/Intermediate/Config/CoalescedSourceConfigs/Input.ini" 91
"../../../Engine/Config/BaseEditor.ini" 92
"/Users/antoinejohn/Documents/Unreal Projects/Runner1/Config/DefaultEditor.ini" 93
"/Users/antoinejohn/Library/Preferences/Unreal Engine/Runner1Editor/Mac/Editor.ini" 94
"../../../../../../antoinejohn/Documents/Unreal Projects/Runner1/Intermediate/Config/CoalescedSourceConfigs/Editor.ini" 95
"../../../Engine/Config/BaseEditorPerProjectUserSettings.ini" 96
"/Users/antoinejohn/Documents/Unreal Projects/Runner1/Config/DefaultEditorPerProjectUserSettings.ini" 97
"../../../Engine/Config/Mac/MacEditorPerProjectUserSettings.ini" 98
"/Users/antoinejohn/Library/Preferences/Unreal Engine/Runner1Editor/Mac/EditorPerProjectUserSettings.ini" 99
"../../../../../../antoinejohn/Documents/Unreal Projects/Runner1/Intermediate/Config/CoalescedSourceConfigs/EditorPerProjectUserSettings.ini" 100
"../../../Engine/Config/BaseEditorSettings.ini" 101
"/Users/antoinejohn/Library/Application Support/Epic/UnrealEngine/4.9/Saved/Config/Mac/EditorSettings.ini" 102
"../../../../../../antoinejohn/Documents/Unreal Projects/Runner1/Intermediate/Config/CoalescedSourceConfigs/EditorSettings.ini" 103
"../../../Engine/Config/BaseEditorLayout.ini" 104
"/Users/antoinejohn/Library/Application Support/Epic/UnrealEngine/4.9/Saved/Config/Mac/EditorLayout.ini" 105
"../../../../../../antoinejohn/Documents/Unreal Projects/Runner1/Intermediate/Config/CoalescedSourceConfigs/EditorLayout.ini" 106
"../../../Engine/Config/BaseEditorKeyBindings.ini" 107
"/Users/antoinejohn/Library/Application Support/Epic/UnrealEngine/4.9/Saved/Config/Mac/EditorKeyBindings.ini" 108
"../../../../../../antoinejohn/Documents/Unreal Projects/Runner1/Intermediate/Config/CoalescedSourceConfigs/EditorKeyBindings.ini" 109
"../../../Engine/Config/BaseCompat.ini" 110
"/Users/antoinejohn/Library/Preferences/Unreal Engine/Runner1Editor/Mac/Compat.ini" 111
"../../../../../../antoinejohn/Documents/Unreal Projects/Runner1/Intermediate/Config/CoalescedSourceConfigs/Compat.ini" 112
"../../../Engine/Config/BaseLightmass.ini" 113
"/Users/antoinejohn/Library/Preferences/Unreal Engine/Runner1Editor/Mac/Lightmass.ini" 114
"../../../../../../antoinejohn/Documents/Unreal Projects/Runner1/Intermediate/Config/CoalescedSourceConfigs/Lightmass.ini" 115
"../../../Engine/Config/BaseScalability.ini" 116
"/Users/antoinejohn/Library/Preferences/Unreal Engine/Runner1Editor/Mac/Scalability.ini" 117
"../../../../../../antoinejohn/Documents/Unreal Projects/Runner1/Intermediate/Config/CoalescedSourceConfigs/Scalability.ini" 118
"/Users/antoinejohn/Library/Preferences/Unreal Engine/Runner1Editor/Mac/GameUserSettings.ini" 119
"../../../../../../antoinejohn/Documents/Unreal Projects/Runner1/Intermediate/Config/CoalescedSourceConfigs/GameUserSettings.ini" 120
"../../../Engine/Config/BaseDeviceProfiles.ini" 121
"/Users/antoinejohn/Library/Preferences/Unreal Engine/Runner1Editor/Mac/DeviceProfiles.ini" 122
"../../../../../../antoinejohn/Documents/Unreal Projects/Runner1/Intermediate/Config/CoalescedSourceConfigs/DeviceProfiles.ini" 123
"../../../Engine/Config/ConsoleVariables.ini" 124
"../../../Engine/Content/Internationalization/icudt53l/es.res" 125
"../../../Engine/Content/Internationalization/icudt53l/ja.res" 126
"../../../Engine/Content/Internationalization/icudt53l/ko.res" 127
"../../../Engine/Content/Internationalization/icudt53l/pt_BR.res" 128
"../../../Engine/Content/Internationalization/icudt53l/pt.res" 129
"../../../Engine/Content/Internationalization/icudt53l/zh_CN.res" 130
"../../../Engine/Content/Internationalization/icudt53l/zh_Hans_CN.res" 131
"../../../Engine/Content/Internationalization/icudt53l/zh_Hans.res" 132
"../../../Engine/Content/Internationalization/icudt53l/zh.res" 133
"/Users/Shared/UnrealEngine/4.9/Engine/Content/Localization/Editor/en/Editor.locres" 134
"/Users/Shared/UnrealEngine/4.9/Engine/Content/Localization/EditorTutorials/en/EditorTutorials.locres" 135
"/Users/Shared/UnrealEngine/4.9/Engine/Content/Localization/Keywords/en/Keywords.locres" 136
"/Users/Shared/UnrealEngine/4.9/Engine/Content/Localization/Category/en/Category.locres" 137
"/Users/Shared/UnrealEngine/4.9/Engine/Content/Localization/ToolTips/en/ToolTips.locres" 138
"/Users/Shared/UnrealEngine/4.9/Engine/Content/Localization/PropertyNames/en/PropertyNames.locres" 139
"/Users/Shared/UnrealEngine/4.9/Engine/Content/Localization/Engine/en/Engine.locres" 140
"../../../Engine/Content/Slate/Fonts/Roboto-Regular.ttf" 141
"../../../Engine/Content/Slate/Fonts/DroidSansMono.ttf" 142
"../../../Engine/Content/Slate/Fonts/Roboto-Bold.ttf" 143
"../../../Engine/Content/Slate/Fonts/Roboto-Light.ttf" 144
"/Users/Shared/UnrealEngine/4.9/Engine/Binaries/Mac/../../../Engine/Shaders/ParticleSpriteVertexFactory.usf" 145
"/Users/Shared/UnrealEngine/4.9/Engine/Binaries/Mac/../../../Engine/Shaders/VertexFactoryCommon.usf" 146
"/Users/Shared/UnrealEngine/4.9/Engine/Binaries/Mac/../../../Engine/Shaders/Common.usf" 147
"/Users/Shared/UnrealEngine/4.9/Engine/Binaries/Mac/../../../Engine/Shaders/MetalCommon.usf" 148
"/Users/Shared/UnrealEngine/4.9/Engine/Binaries/Mac/../../../Engine/Shaders/ShaderVersion.usf" 149
"/Users/Shared/UnrealEngine/4.9/Engine/Binaries/Mac/../../../Engine/Shaders/CommonViewUniformBuffer.usf" 150
"/Users/Shared/UnrealEngine/4.9/Engine/Binaries/Mac/../../../Engine/Shaders/Definitions.usf" 151
"/Users/Shared/UnrealEngine/4.9/Engine/Binaries/Mac/../../../Engine/Shaders/Random.usf" 152
"/Users/Shared/UnrealEngine/4.9/Engine/Binaries/Mac/../../../Engine/Shaders/ParticleVertexFactoryCommon.usf" 153
"/Users/Shared/UnrealEngine/4.9/Engine/Binaries/Mac/../../../Engine/Shaders/ParticleGPUSpriteVertexFactory.usf" 154
"/Users/Shared/UnrealEngine/4.9/Engine/Binaries/Mac/../../../Engine/Shaders/ParticleBeamTrailVertexFactory.usf" 155
"/Users/Shared/UnrealEngine/4.9/Engine/Binaries/Mac/../../../Engine/Shaders/LocalVertexFactory.usf" 156
"/Users/Shared/UnrealEngine/4.9/Engine/Binaries/Mac/../../../Engine/Shaders/LocalVertexFactoryCommon.usf" 157
"/Users/Shared/UnrealEngine/4.9/Engine/Binaries/Mac/../../../Engine/Shaders/VectorFieldVisualizationVertexFactory.usf" 158
"/Users/Shared/UnrealEngine/4.9/Engine/Binaries/Mac/../../../Engine/Shaders/MeshParticleVertexFactory.usf" 159
"/Users/Shared/UnrealEngine/4.9/Engine/Binaries/Mac/../../../Engine/Shaders/GpuSkinVertexFactory.usf" 160
"/Users/Shared/UnrealEngine/4.9/Engine/Binaries/Mac/../../../Engine/Shaders/GpuSkinCacheCommon.usf" 161
"/Users/Shared/UnrealEngine/4.9/Engine/Binaries/Mac/../../../Engine/Shaders/LandscapeVertexFactory.usf" 162
"/Users/Shared/UnrealEngine/4.9/Engine/Binaries/Mac/../../../Engine/Shaders/SlateElementPixelShader.usf" 163
"/Users/Shared/UnrealEngine/4.9/Engine/Binaries/Mac/../../../Engine/Shaders/GammaCorrectionCommon.usf" 164
"/Users/Shared/UnrealEngine/4.9/Engine/Binaries/Mac/../../../Engine/Shaders/MaterialTemplate.usf" 165
"/Users/Shared/UnrealEngine/4.9/Engine/Binaries/Mac/../../../Engine/Shaders/DepthOfFieldCommon.usf" 166
"/Users/Shared/UnrealEngine/4.9/Engine/Binaries/Mac/../../../Engine/Shaders/GlobalDistanceFieldShared.usf" 167
"/Users/Shared/UnrealEngine/4.9/Engine/Binaries/Mac/../../../Engine/Shaders/SpeedTreeCommon.usf" 168
"/Users/Shared/UnrealEngine/4.9/Engine/Binaries/Mac/../../../Engine/Shaders/AtmosphereCommon.usf" 169
"/Users/Shared/UnrealEngine/4.9/Engine/Binaries/Mac/../../../Engine/Shaders/PaniniProjection.usf" 170
"/Users/Shared/UnrealEngine/4.9/Engine/Binaries/Mac/../../../Engine/Shaders/EyeAdaptationCommon.usf" 171
"/Users/Shared/UnrealEngine/4.9/Engine/Binaries/Mac/../../../Engine/Shaders/PostProcessCommon.usf" 172
"/Users/Shared/UnrealEngine/4.9/Engine/Binaries/Mac/../../../Engine/Shaders/DeferredShadingCommon.usf" 173
"/Users/Shared/UnrealEngine/4.9/Engine/Binaries/Mac/../../../Engine/Shaders/LightAccumulator.usf" 174
"/Users/Shared/UnrealEngine/4.9/Engine/Binaries/Mac/../../../Engine/Shaders/SlateVertexShader.usf" 175
"/Users/Shared/UnrealEngine/4.9/Engine/Binaries/Mac/../../../Engine/Shaders/ParticleSortKeyGen.usf" 176
"/Users/Shared/UnrealEngine/4.9/Engine/Binaries/Mac/../../../Engine/Shaders/ParticleBoundsShader.usf" 177
"/Users/Shared/UnrealEngine/4.9/Engine/Binaries/Mac/../../../Engine/Shaders/ParticleSimVisualizeShader.usf" 178
"/Users/Shared/UnrealEngine/4.9/Engine/Binaries/Mac/../../../Engine/Shaders/ParticleInjectionShader.usf" 179
"/Users/Shared/UnrealEngine/4.9/Engine/Binaries/Mac/../../../Engine/Shaders/ParticleSimulationShader.usf" 180
"/Users/Shared/UnrealEngine/4.9/Engine/Binaries/Mac/../../../Engine/Shaders/ParticleCurveInjectionShader.usf" 181
"/Users/Shared/UnrealEngine/4.9/Engine/Binaries/Mac/../../../Engine/Shaders/VectorFieldCompositeShaders.usf" 182
"/Users/Shared/UnrealEngine/4.9/Engine/Binaries/Mac/../../../Engine/Shaders/UpdateTextureShaders.usf" 183
"/Users/Shared/UnrealEngine/4.9/Engine/Binaries/Mac/../../../Engine/Shaders/SimpleElementColorChannelMaskPixelShader.usf" 184
"/Users/Shared/UnrealEngine/4.9/Engine/Binaries/Mac/../../../Engine/Shaders/SimpleElementPixelShader.usf" 185
"/Users/Shared/UnrealEngine/4.9/Engine/Binaries/Mac/../../../Engine/Shaders/ColorUtils.usf" 186
"/Users/Shared/UnrealEngine/4.9/Engine/Binaries/Mac/../../../Engine/Shaders/IESLightProfilesCommon.usf" 187
"/Users/Shared/UnrealEngine/4.9/Engine/Binaries/Mac/../../../Engine/Shaders/SimpleElementHitProxyPixelShader.usf" 188
"/Users/Shared/UnrealEngine/4.9/Engine/Binaries/Mac/../../../Engine/Shaders/SimpleElementVertexShader.usf" 189
"/Users/Shared/UnrealEngine/4.9/Engine/Binaries/Mac/../../../Engine/Shaders/ScreenVertexShader.usf" 190
"/Users/Shared/UnrealEngine/4.9/Engine/Binaries/Mac/../../../Engine/Shaders/ScreenPixelShader.usf" 191
"/Users/Shared/UnrealEngine/4.9/Engine/Binaries/Mac/../../../Engine/Shaders/NullPixelShader.usf" 192
"/Users/Shared/UnrealEngine/4.9/Engine/Binaries/Mac/../../../Engine/Shaders/RadixSortShaders.usf" 193
"/Users/Shared/UnrealEngine/4.9/Engine/Binaries/Mac/../../../Engine/Shaders/GpuSkinCacheComputeShader.usf" 194
"/Users/Shared/UnrealEngine/4.9/Engine/Binaries/Mac/../../../Engine/Shaders/LandscapeGrassWeight.usf" 195
"/Users/Shared/UnrealEngine/4.9/Engine/Binaries/Mac/../../../Engine/Shaders/SimpleElementTexture2DPreviewPixelShader.usf" 196
"/Users/Shared/UnrealEngine/4.9/Engine/Binaries/Mac/../../../Engine/Shaders/SimpleElementNormalMapPixelShader.usf" 197
"/Users/Shared/UnrealEngine/4.9/Engine/Binaries/Mac/../../../Engine/Shaders/meshpaintdilatepixelshader.usf" 198
"/Users/Shared/UnrealEngine/4.9/Engine/Binaries/Mac/../../../Engine/Shaders/meshpaintdilatevertexshader.usf" 199
"/Users/Shared/UnrealEngine/4.9/Engine/Binaries/Mac/../../../Engine/Shaders/MeshPaintPixelShader.usf" 200
"/Users/Shared/UnrealEngine/4.9/Engine/Binaries/Mac/../../../Engine/Shaders/MeshPaintVertexShader.usf" 201
"/Users/Shared/UnrealEngine/4.9/Engine/Binaries/Mac/../../../Engine/Shaders/VisualizeTexture.usf" 202
"/Users/Shared/UnrealEngine/4.9/Engine/Binaries/Mac/../../../Engine/Shaders/ScreenSpaceReflections.usf" 203
"/Users/Shared/UnrealEngine/4.9/Engine/Binaries/Mac/../../../Engine/Shaders/BRDF.usf" 204
"/Users/Shared/UnrealEngine/4.9/Engine/Binaries/Mac/../../../Engine/Shaders/MonteCarlo.usf" 205
"/Users/Shared/UnrealEngine/4.9/Engine/Binaries/Mac/../../../Engine/Shaders/ScreenSpaceRayCast.usf" 206
"/Users/Shared/UnrealEngine/4.9/Engine/Binaries/Mac/../../../Engine/Shaders/PostProcessBloom.usf" 207
"/Users/Shared/UnrealEngine/4.9/Engine/Binaries/Mac/../../../Engine/Shaders/FilterVertexShader.usf" 208
"/Users/Shared/UnrealEngine/4.9/Engine/Binaries/Mac/../../../Engine/Shaders/FilterPixelShader.usf" 209
"/Users/Shared/UnrealEngine/4.9/Engine/Binaries/Mac/../../../Engine/Shaders/PostProcessVisualizeHDR.usf" 210
"/Users/Shared/UnrealEngine/4.9/Engine/Binaries/Mac/../../../Engine/Shaders/PostProcessHistogramCommon.usf" 211
"/Users/Shared/UnrealEngine/4.9/Engine/Binaries/Mac/../../../Engine/Shaders/TonemapCommon.usf" 212
"/Users/Shared/UnrealEngine/4.9/Engine/Binaries/Mac/../../../Engine/Shaders/ACES.usf" 213
"/Users/Shared/UnrealEngine/4.9/Engine/Binaries/Mac/../../../Engine/Shaders/MiniFontCommon.usf" 214
"/Users/Shared/UnrealEngine/4.9/Engine/Binaries/Mac/../../../Engine/Shaders/PostProcessVisualizeBuffer.usf" 215
"/Users/Shared/UnrealEngine/4.9/Engine/Binaries/Mac/../../../Engine/Shaders/PostProcessUpscale.usf" 216
"/Users/Shared/UnrealEngine/4.9/Engine/Binaries/Mac/../../../Engine/Shaders/PostProcessTonemap.usf" 217
"/Users/Shared/UnrealEngine/4.9/Engine/Binaries/Mac/../../../Engine/Shaders/PostProcessTestImage.usf" 218
"/Users/Shared/UnrealEngine/4.9/Engine/Binaries/Mac/../../../Engine/Shaders/PostProcessTemporalAA.usf" 219
"/Users/Shared/UnrealEngine/4.9/Engine/Binaries/Mac/../../../Engine/Shaders/PostProcessTemporalCommon.usf" 220
"/Users/Shared/UnrealEngine/4.9/Engine/Binaries/Mac/../../../Engine/Shaders/PostProcessSubsurface.usf" 221
"/Users/Shared/UnrealEngine/4.9/Engine/Binaries/Mac/../../../Engine/Shaders/SeparableSSS.usf" 222
"/Users/Shared/UnrealEngine/4.9/Engine/Binaries/Mac/../../../Engine/Shaders/PostProcessSelectionOutline.usf" 223
"/Users/Shared/UnrealEngine/4.9/Engine/Binaries/Mac/../../../Engine/Shaders/PostProcessSceneColorFringe.usf" 224
"/Users/Shared/UnrealEngine/4.9/Engine/Binaries/Mac/../../../Engine/Shaders/PostProcessNoiseBlur.usf" 225
"/Users/Shared/UnrealEngine/4.9/Engine/Binaries/Mac/../../../Engine/Shaders/PostProcessMotionBlur.usf" 226
"/Users/Shared/UnrealEngine/4.9/Engine/Binaries/Mac/../../../Engine/Shaders/FastMath.usf" 227
"/Users/Shared/UnrealEngine/4.9/Engine/Binaries/Mac/../../../Engine/Shaders/PostProcessVelocityFlatten.usf" 228
"/Users/Shared/UnrealEngine/4.9/Engine/Binaries/Mac/../../../Engine/Shaders/PostProcessMobile.usf" 229
"/Users/Shared/UnrealEngine/4.9/Engine/Binaries/Mac/../../../Engine/Shaders/PostProcessMaterialShaders.usf" 230
"/Users/Shared/UnrealEngine/4.9/Engine/Binaries/Mac/../../../Engine/Shaders/PostProcessLensFlares.usf" 231
"/Users/Shared/UnrealEngine/4.9/Engine/Binaries/Mac/../../../Engine/Shaders/PostProcessLensBlur.usf" 232
"/Users/Shared/UnrealEngine/4.9/Engine/Binaries/Mac/../../../Engine/Shaders/PostProcessHistogramReduce.usf" 233
"/Users/Shared/UnrealEngine/4.9/Engine/Binaries/Mac/../../../Engine/Shaders/PostProcessHistogram.usf" 234
"/Users/Shared/UnrealEngine/4.9/Engine/Binaries/Mac/../../../Engine/Shaders/PostProcessHierarchical.usf" 235
"/Users/Shared/UnrealEngine/4.9/Engine/Binaries/Mac/../../../Engine/Shaders/PostProcessHMD.usf" 236
"/Users/Shared/UnrealEngine/4.9/Engine/Binaries/Mac/../../../Engine/Shaders/PostProcessGBufferHints.usf" 237
"/Users/Shared/UnrealEngine/4.9/Engine/Binaries/Mac/../../../Engine/Shaders/PostProcessEyeAdaptation.usf" 238
"/Users/Shared/UnrealEngine/4.9/Engine/Binaries/Mac/../../../Engine/Shaders/PostProcessDownsample.usf" 239
"/Users/Shared/UnrealEngine/4.9/Engine/Binaries/Mac/../../../Engine/Shaders/PostProcessDOF.usf" 240
"/Users/Shared/UnrealEngine/4.9/Engine/Binaries/Mac/../../../Engine/Shaders/PostProcessCompositeEditorPrimitives.usf" 241
"/Users/Shared/UnrealEngine/4.9/Engine/Binaries/Mac/../../../Engine/Shaders/PostProcessCombineLUTs.usf" 242
"/Users/Shared/UnrealEngine/4.9/Engine/Binaries/Mac/../../../Engine/Shaders/PostProcessCircleDOF.usf" 243
"/Users/Shared/UnrealEngine/4.9/Engine/Binaries/Mac/../../../Engine/Shaders/CircleDOFCommon.usf" 244
"/Users/Shared/UnrealEngine/4.9/Engine/Binaries/Mac/../../../Engine/Shaders/PostProcessBusyWait.usf" 245
"/Users/Shared/UnrealEngine/4.9/Engine/Binaries/Mac/../../../Engine/Shaders/PostProcessBokehDOF.usf" 246
"/Users/Shared/UnrealEngine/4.9/Engine/Binaries/Mac/../../../Engine/Shaders/PostProcessVisualizeDOF.usf" 247
"/Users/Shared/UnrealEngine/4.9/Engine/Binaries/Mac/../../../Engine/Shaders/FXAAShader.usf" 248
"/Users/Shared/UnrealEngine/4.9/Engine/Binaries/Mac/../../../Engine/Shaders/Fxaa3_11.usf" 249
"/Users/Shared/UnrealEngine/4.9/Engine/Binaries/Mac/../../../Engine/Shaders/PostProcessPassThrough.usf" 250
"/Users/Shared/UnrealEngine/4.9/Engine/Binaries/Mac/../../../Engine/Shaders/PostProcessLpvIndirect.usf" 251
"/Users/Shared/UnrealEngine/4.9/Engine/Binaries/Mac/../../../Engine/Shaders/DeferredLightingCommon.usf" 252
"/Users/Shared/UnrealEngine/4.9/Engine/Binaries/Mac/../../../Engine/Shaders/DynamicLightingCommon.usf" 253
"/Users/Shared/UnrealEngine/4.9/Engine/Binaries/Mac/../../../Engine/Shaders/ShadingModels.usf" 254
"/Users/Shared/UnrealEngine/4.9/Engine/Binaries/Mac/../../../Engine/Shaders/LPVFinalPass.usf" 255
"/Users/Shared/UnrealEngine/4.9/Engine/Binaries/Mac/../../../Engine/Shaders/LPVCommon.usf" 256
"/Users/Shared/UnrealEngine/4.9/Engine/Binaries/Mac/../../../Engine/Shaders/DeferredDecal.usf" 257
"/Users/Shared/UnrealEngine/4.9/Engine/Binaries/Mac/../../../Engine/Shaders/PostProcessAmbientOcclusion.usf" 258
"/Users/Shared/UnrealEngine/4.9/Engine/Binaries/Mac/../../../Engine/Shaders/PostProcessAmbient.usf" 259
"/Users/Shared/UnrealEngine/4.9/Engine/Binaries/Mac/../../../Engine/Shaders/CubemapCommon.usf" 260
"/Users/Shared/UnrealEngine/4.9/Engine/Binaries/Mac/../../../Engine/Shaders/VelocityShader.usf" 261
"/Users/Shared/UnrealEngine/4.9/Engine/Binaries/Mac/../../../Engine/Shaders/VelocityCommon.usf" 262
"/Users/Shared/UnrealEngine/4.9/Engine/Binaries/Mac/../../../Engine/Shaders/Tessellation.usf" 263
"/Users/Shared/UnrealEngine/4.9/Engine/Binaries/Mac/../../../Engine/Shaders/FlatTessellation.usf" 264
"/Users/Shared/UnrealEngine/4.9/Engine/Binaries/Mac/../../../Engine/Shaders/PNTriangles.usf" 265
"/Users/Shared/UnrealEngine/4.9/Engine/Binaries/Mac/../../../Engine/Shaders/TranslucentLightingShaders.usf" 266
"/Users/Shared/UnrealEngine/4.9/Engine/Binaries/Mac/../../../Engine/Shaders/SHCommon.usf" 267
"/Users/Shared/UnrealEngine/4.9/Engine/Binaries/Mac/../../../Engine/Shaders/ShadowProjectionCommon.usf" 268
"/Users/Shared/UnrealEngine/4.9/Engine/Binaries/Mac/../../../Engine/Shaders/TranslucentLightInjectionShaders.usf" 269
"/Users/Shared/UnrealEngine/4.9/Engine/Binaries/Mac/../../../Engine/Shaders/LightFunctionCommon.usf" 270
"/Users/Shared/UnrealEngine/4.9/Engine/Binaries/Mac/../../../Engine/Shaders/TranslucentShadowDepthShaders.usf" 271
"/Users/Shared/UnrealEngine/4.9/Engine/Binaries/Mac/../../../Engine/Shaders/ShadowDepthCommon.usf" 272
"/Users/Shared/UnrealEngine/4.9/Engine/Binaries/Mac/../../../Engine/Shaders/TiledDeferredLightShaders.usf" 273
"/Users/Shared/UnrealEngine/4.9/Engine/Binaries/Mac/../../../Engine/Shaders/SurfelTree.usf" 274
"/Users/Shared/UnrealEngine/4.9/Engine/Binaries/Mac/../../../Engine/Shaders/DistanceFieldLightingShared.usf" 275
"/Users/Shared/UnrealEngine/4.9/Engine/Binaries/Mac/../../../Engine/Shaders/SurfelMaterialShared.usf" 276
"/Users/Shared/UnrealEngine/4.9/Engine/Binaries/Mac/../../../Engine/Shaders/DistanceFieldAOShared.usf" 277
"/Users/Shared/UnrealEngine/4.9/Engine/Binaries/Mac/../../../Engine/Shaders/ShadowProjectionPixelShader.usf" 278
"/Users/Shared/UnrealEngine/4.9/Engine/Binaries/Mac/../../../Engine/Shaders/ShadowFilteringCommon.usf" 279
"/Users/Shared/UnrealEngine/4.9/Engine/Binaries/Mac/../../../Engine/Shaders/ShadowProjectionVertexShader.usf" 280
"/Users/Shared/UnrealEngine/4.9/Engine/Binaries/Mac/../../../Engine/Shaders/ShadowDepthPixelShader.usf" 281
"/Users/Shared/UnrealEngine/4.9/Engine/Binaries/Mac/../../../Engine/Shaders/LPVWriteVplCommon.usf" 282
"/Users/Shared/UnrealEngine/4.9/Engine/Binaries/Mac/../../../Engine/Shaders/LPVWriteCommon.usf" 283
"/Users/Shared/UnrealEngine/4.9/Engine/Binaries/Mac/../../../Engine/Shaders/ShadowDepthVertexShader.usf" 284
"/Users/Shared/UnrealEngine/4.9/Engine/Binaries/Mac/../../../Engine/Shaders/ShaderComplexityApplyPixelShader.usf" 285
"/Users/Shared/UnrealEngine/4.9/Engine/Binaries/Mac/../../../Engine/Shaders/ShaderComplexityApplyVertexShader.usf" 286
"/Users/Shared/UnrealEngine/4.9/Engine/Binaries/Mac/../../../Engine/Shaders/ShaderComplexityAccumulatePixelShader.usf" 287
"/Users/Shared/UnrealEngine/4.9/Engine/Binaries/Mac/../../../Engine/Shaders/HZBOcclusion.usf" 288
"/Users/Shared/UnrealEngine/4.9/Engine/Binaries/Mac/../../../Engine/Shaders/OcclusionQueryVertexShader.usf" 289
"/Users/Shared/UnrealEngine/4.9/Engine/Binaries/Mac/../../../Engine/Shaders/HitProxyPixelShader.usf" 290
"/Users/Shared/UnrealEngine/4.9/Engine/Binaries/Mac/../../../Engine/Shaders/HitProxyVertexShader.usf" 291
"/Users/Shared/UnrealEngine/4.9/Engine/Binaries/Mac/../../../Engine/Shaders/ReflectionEnvironmentShaders.usf" 292
"/Users/Shared/UnrealEngine/4.9/Engine/Binaries/Mac/../../../Engine/Shaders/ReflectionEnvironmentShared.usf" 293
"/Users/Shared/UnrealEngine/4.9/Engine/Binaries/Mac/../../../Engine/Shaders/SkyLightingShared.usf" 294
"/Users/Shared/UnrealEngine/4.9/Engine/Binaries/Mac/../../../Engine/Shaders/ReflectionEnvironmentComputeShaders.usf" 295
"/Users/Shared/UnrealEngine/4.9/Engine/Binaries/Mac/../../../Engine/Shaders/LightShaftShader.usf" 296
"/Users/Shared/UnrealEngine/4.9/Engine/Binaries/Mac/../../../Engine/Shaders/StationaryLightOverlapShaders.usf" 297
"/Users/Shared/UnrealEngine/4.9/Engine/Binaries/Mac/../../../Engine/Shaders/DeferredLightPixelShaders.usf" 298
"/Users/Shared/UnrealEngine/4.9/Engine/Binaries/Mac/../../../Engine/Shaders/DeferredLightVertexShaders.usf" 299
"/Users/Shared/UnrealEngine/4.9/Engine/Binaries/Mac/../../../Engine/Shaders/LPVVisualise.usf" 300
"/Users/Shared/UnrealEngine/4.9/Engine/Binaries/Mac/../../../Engine/Shaders/LPVGeometryVolumeCommon.usf" 301
"/Users/Shared/UnrealEngine/4.9/Engine/Binaries/Mac/../../../Engine/Shaders/LPVDirectLightInject.usf" 302
"/Users/Shared/UnrealEngine/4.9/Engine/Binaries/Mac/../../../Engine/Shaders/LPVPropagate.usf" 303
"/Users/Shared/UnrealEngine/4.9/Engine/Binaries/Mac/../../../Engine/Shaders/LPVPacking.usf" 304
"/Users/Shared/UnrealEngine/4.9/Engine/Binaries/Mac/../../../Engine/Shaders/LPVBuildGeometryVolume.usf" 305
"/Users/Shared/UnrealEngine/4.9/Engine/Binaries/Mac/../../../Engine/Shaders/LpvDirectionalOcclusion.usf" 306
"/Users/Shared/UnrealEngine/4.9/Engine/Binaries/Mac/../../../Engine/Shaders/LPVInject_AccumulateVplLists.usf" 307
"/Users/Shared/UnrealEngine/4.9/Engine/Binaries/Mac/../../../Engine/Shaders/LPVInject_GenerateVplLists.usf" 308
"/Users/Shared/UnrealEngine/4.9/Engine/Binaries/Mac/../../../Engine/Shaders/LPVClearLists.usf" 309
"/Users/Shared/UnrealEngine/4.9/Engine/Binaries/Mac/../../../Engine/Shaders/LPVClear.usf" 310
"/Users/Shared/UnrealEngine/4.9/Engine/Binaries/Mac/../../../Engine/Shaders/LightMapDensityShader.usf" 311
"/Users/Shared/UnrealEngine/4.9/Engine/Binaries/Mac/../../../Engine/Shaders/LightFunctionPixelShader.usf" 312
"/Users/Shared/UnrealEngine/4.9/Engine/Binaries/Mac/../../../Engine/Shaders/LightFunctionVertexShader.usf" 313
"/Users/Shared/UnrealEngine/4.9/Engine/Binaries/Mac/../../../Engine/Shaders/HeightfieldLighting.usf" 314
"/Users/Shared/UnrealEngine/4.9/Engine/Binaries/Mac/../../../Engine/Shaders/DistanceFieldShadowingShared.usf" 315
"/Users/Shared/UnrealEngine/4.9/Engine/Binaries/Mac/../../../Engine/Shaders/HdrCustomResolveShaders.usf" 316
"/Users/Shared/UnrealEngine/4.9/Engine/Binaries/Mac/../../../Engine/Shaders/GlobalDistanceField.usf" 317
"/Users/Shared/UnrealEngine/4.9/Engine/Binaries/Mac/../../../Engine/Shaders/GammaCorrection.usf" 318
"/Users/Shared/UnrealEngine/4.9/Engine/Binaries/Mac/../../../Engine/Shaders/GPUBenchmark.usf" 319
"/Users/Shared/UnrealEngine/4.9/Engine/Binaries/Mac/../../../Engine/Shaders/BasePassForForwardShadingPixelShader.usf" 320
"/Users/Shared/UnrealEngine/4.9/Engine/Binaries/Mac/../../../Engine/Shaders/BasePassForForwardShadingCommon.usf" 321
"/Users/Shared/UnrealEngine/4.9/Engine/Binaries/Mac/../../../Engine/Shaders/LightmapCommon.usf" 322
"/Users/Shared/UnrealEngine/4.9/Engine/Binaries/Mac/../../../Engine/Shaders/BasePassForForwardShadingVertexShader.usf" 323
"/Users/Shared/UnrealEngine/4.9/Engine/Binaries/Mac/../../../Engine/Shaders/HeightFogCommon.usf" 324
"/Users/Shared/UnrealEngine/4.9/Engine/Binaries/Mac/../../../Engine/Shaders/HeightFogPixelShader.usf" 325
"/Users/Shared/UnrealEngine/4.9/Engine/Binaries/Mac/../../../Engine/Shaders/HeightFogVertexShader.usf" 326
"/Users/Shared/UnrealEngine/4.9/Engine/Binaries/Mac/../../../Engine/Shaders/DistortAccumulatePS.usf" 327
"/Users/Shared/UnrealEngine/4.9/Engine/Binaries/Mac/../../../Engine/Shaders/DistortAccumulateVS.usf" 328
"/Users/Shared/UnrealEngine/4.9/Engine/Binaries/Mac/../../../Engine/Shaders/DistortApplyScreenPS.usf" 329
"/Users/Shared/UnrealEngine/4.9/Engine/Binaries/Mac/../../../Engine/Shaders/DistanceFieldSurfaceCacheLighting.usf" 330
"/Users/Shared/UnrealEngine/4.9/Engine/Binaries/Mac/../../../Engine/Shaders/SkyLighting.usf" 331
"/Users/Shared/UnrealEngine/4.9/Engine/Binaries/Mac/../../../Engine/Shaders/DistanceFieldSurfaceCacheLightingCompute.usf" 332
"/Users/Shared/UnrealEngine/4.9/Engine/Binaries/Mac/../../../Engine/Shaders/DistanceFieldShadowing.usf" 333
"/Users/Shared/UnrealEngine/4.9/Engine/Binaries/Mac/../../../Engine/Shaders/DistanceFieldScreenGridLighting.usf" 334
"/Users/Shared/UnrealEngine/4.9/Engine/Binaries/Mac/../../../Engine/Shaders/DistanceFieldLightingPost.usf" 335
"/Users/Shared/UnrealEngine/4.9/Engine/Binaries/Mac/../../../Engine/Shaders/DistanceFieldGlobalIllumination.usf" 336
"/Users/Shared/UnrealEngine/4.9/Engine/Binaries/Mac/../../../Engine/Shaders/DepthOnlyPixelShader.usf" 337
"/Users/Shared/UnrealEngine/4.9/Engine/Binaries/Mac/../../../Engine/Shaders/DepthOnlyVertexShader.usf" 338
"/Users/Shared/UnrealEngine/4.9/Engine/Binaries/Mac/../../../Engine/Shaders/PositionOnlyDepthVertexShader.usf" 339
"/Users/Shared/UnrealEngine/4.9/Engine/Binaries/Mac/../../../Engine/Shaders/DownsampleDepthPixelShader.usf" 340
"/Users/Shared/UnrealEngine/4.9/Engine/Binaries/Mac/../../../Engine/Shaders/EvaluateSurfelMaterial.usf" 341
"/Users/Shared/UnrealEngine/4.9/Engine/Binaries/Mac/../../../Engine/Shaders/ConvertToUniformMesh.usf" 342
"/Users/Shared/UnrealEngine/4.9/Engine/Binaries/Mac/../../../Engine/Shaders/BasePassPixelShader.usf" 343
"/Users/Shared/UnrealEngine/4.9/Engine/Binaries/Mac/../../../Engine/Shaders/BasePassCommon.usf" 344
"/Users/Shared/UnrealEngine/4.9/Engine/Binaries/Mac/../../../Engine/Shaders/ForEachLight.usf" 345
"/Users/Shared/UnrealEngine/4.9/Engine/Binaries/Mac/../../../Engine/Shaders/BasePassVertexShader.usf" 346
"/Users/Shared/UnrealEngine/4.9/Engine/Binaries/Mac/../../../Engine/Shaders/BasePassVertexCommon.usf" 347
"/Users/Shared/UnrealEngine/4.9/Engine/Binaries/Mac/../../../Engine/Shaders/BasePassTessellationShaders.usf" 348
"/Users/Shared/UnrealEngine/4.9/Engine/Binaries/Mac/../../../Engine/Shaders/AtmospherePrecompute.usf" 349
"/Users/Shared/UnrealEngine/4.9/Engine/Binaries/Mac/../../../Engine/Shaders/AtmospherePrecomputeCommon.usf" 350
"/Users/Shared/UnrealEngine/4.9/Engine/Binaries/Mac/../../../Engine/Shaders/AtmospherePrecomputeInscatter.usf" 351
"/Users/Shared/UnrealEngine/4.9/Engine/Binaries/Mac/../../../Engine/Shaders/AtmosphericFogShader.usf" 352
"/Users/Shared/UnrealEngine/4.9/Engine/Binaries/Mac/../../../Engine/Shaders/ResolveVertexShader.usf" 353
"/Users/Shared/UnrealEngine/4.9/Engine/Binaries/Mac/../../../Engine/Shaders/ResolvePixelShader.usf" 354
"/Users/Shared/UnrealEngine/4.9/Engine/Binaries/Mac/../../../Engine/Shaders/OneColorShader.usf" 355
"/Users/Shared/UnrealEngine/4.9/Engine/Binaries/Mac/../../../Engine/Shaders/MediaShaders.usf" 356
"/Users/Shared/UnrealEngine/4.9/Engine/Binaries/Mac/../../../Engine/Shaders/ClearReplacementShaders.usf" 357
"../../../Engine/Config/Android/AndroidEngine.ini" 358
"../../../Engine/Config/IOS/IOSEngine.ini" 359
"/Users/antoinejohn/Library/Application Support/Epic/UnrealEngine/4.9/DerivedDataCache/Boot.ddc" 360
"../../../Engine/DerivedDataCache/Compressed.ddp" 361
"/Users/antoinejohn/Library/Preferences/Unreal Engine/Runner1Editor/Mac/GameplayTags.ini" 362
"../../../../../../antoinejohn/Documents/Unreal Projects/Runner1/Intermediate/Config/CoalescedSourceConfigs/GameplayTags.ini" 363
"../../../Engine/Content/EditorResources/S_Actor.uasset" 364
"/Users/antoinejohn/Library/Preferences/Unreal Engine/Runner1Editor/Mac/TemplateDefs.ini" 365
"../../../../../../antoinejohn/Documents/Unreal Projects/Runner1/Intermediate/Config/CoalescedSourceConfigs/TemplateDefs.ini" 366
"../../../Engine/Content/Maps/Templates/Thumbnails/Default.uasset" 367
"../../../Engine/Content/EditorMaterials/ParticleSystems/PSysThumbnail_NoImage.uasset" 368
"../../../Engine/Content/EditorMaterials/ParticleSystems/PSysThumbnail_OOD.uasset" 369
"../../../Engine/Content/EditorLandscapeResources/DataLayer.uasset" 370
"../../../Engine/Content/EngineFonts/Roboto.uasset" 371
"../../../Engine/Content/EngineMaterials/Widget3DPassThrough_Translucent.uasset" 372
"../../../Engine/Content/EngineMaterials/Widget3DPassThrough.uasset" 373
"../../../Engine/Content/Functions/Engine_MaterialFunctions02/Texturing/ScreenAlignedUVs.uasset" 374
"../../../Engine/Content/EngineResources/WhiteSquareTexture.uasset" 375
"../../../Engine/Content/Functions/Engine_MaterialFunctions01/Shading/PowerToRoughness.uasset" 376
"../../../Engine/Content/Functions/Engine_MaterialFunctions01/Shading/ConvertFromDiffSpec.uasset" 377
"../../../Engine/Content/EngineMaterials/WorldGridMaterial.uasset" 378
"../../../Engine/Content/Functions/Engine_MaterialFunctions01/Opacity/CameraDepthFade.uasset" 379
"../../../Engine/Content/EngineMaterials/T_Default_Material_Grid_M.uasset" 380
"../../../Engine/Content/EngineMaterials/T_Default_Material_Grid_N.uasset" 381
"../../../Engine/Content/EngineMaterials/DefaultDeferredDecalMaterial.uasset" 382
"../../../Engine/Content/EngineMaterials/DefaultDiffuse.uasset" 383
"../../../Engine/Content/EngineMaterials/DefaultLightFunctionMaterial.uasset" 384
"../../../Engine/Content/EngineMaterials/DefaultPostProcessMaterial.uasset" 385
"../../../Engine/Content/Functions/Engine_MaterialFunctions02/Utility/BreakOutFloat2Components.uasset" 386
"../../../Engine/Content/EngineResources/DefaultTexture.uasset" 387
"../../../Engine/Content/EngineMaterials/Widget3DPassThrough_Translucent_OneSided.uasset" 388
"../../../Engine/Content/EngineMaterials/Widget3DPassThrough_Opaque.uasset" 389
"../../../Engine/Content/EngineMaterials/Widget3DPassThrough_Opaque_OneSided.uasset" 390
"../../../Engine/Content/EngineMaterials/Widget3DPassThrough_Masked.uasset" 391
"../../../Engine/Content/EngineMaterials/Widget3DPassThrough_Masked_OneSided.uasset" 392
"../../../Engine/Content/EngineDamageTypes/DmgTypeBP_Environmental.uasset" 393
"../../../Engine/Content/Internationalization/icudt53l/numberingSystems.res" 394
"../../../Engine/Content/Internationalization/icudt53l/curr/supplementalData.res" 395
"../../../Engine/Content/Internationalization/icudt53l/curr/pool.res" 396
"../../../Engine/Content/Internationalization/icudt53l/curr/en_SG.res" 397
"../../../Engine/Content/Internationalization/icudt53l/curr/en_GB.res" 398
"../../../Engine/Content/Internationalization/icudt53l/curr/en_001.res" 399
"../../../Engine/Content/Internationalization/icudt53l/curr/en.res" 400
"../../../Engine/Content/Internationalization/icudt53l/curr/root.res" 401
"../../../Engine/Content/EngineMeshes/Sphere.uasset" 402
"../../../Engine/Content/EngineFonts/RobotoDistanceField.uasset" 403
"../../../Engine/Content/EngineMaterials/DefaultTextMaterialOpaque.uasset" 404
"../../../Engine/Content/EditorResources/S_Trigger.uasset" 405
"../../../Engine/Content/EngineResources/GradientTexture0.uasset" 406
"../../../Engine/Content/EngineResources/Black.uasset" 407
"../../../Engine/Content/EditorMaterials/MatineeGroups/MAT_Groups_Float.uasset" 408
"../../../Engine/Content/EditorMaterials/MatineeGroups/MAT_Groups_Director.uasset" 409
"../../../Engine/Content/EditorMaterials/MatineeGroups/MAT_Groups_Event.uasset" 410
"../../../Engine/Content/EditorMaterials/MatineeGroups/MAT_Groups_Anim.uasset" 411
"../../../Engine/Content/EditorMaterials/MatineeGroups/MAT_Groups_Fade.uasset" 412
"../../../Engine/Content/EditorMaterials/MatineeGroups/MAT_Groups_Move.uasset" 413
"../../../Engine/Content/EditorMaterials/MatineeGroups/MAT_Groups_Slomo.uasset" 414
"../../../Engine/Content/EditorMaterials/MatineeGroups/MAT_ColorTrack.uasset" 415
"../../../Engine/Content/EditorMaterials/MAT_Groups_Toggle.uasset" 416
"../../../Engine/Content/EditorMaterials/MatineeGroups/MAT_Groups_AudioMaster.uasset" 417
"../../../Engine/Content/EditorMaterials/MatineeGroups/MAT_Groups_Sound.uasset" 418
"../../../Engine/Content/EditorMaterials/MatineeGroups/MAT_Groups_Vector.uasset" 419
"../../../Engine/Content/EditorMaterials/MAT_Groups_Visibility.uasset" 420
"../../../Engine/Content/EngineResources/DefaultTextureCube.uasset" 421
"../../../Engine/Content/EngineSounds/Master.uasset" 422
"../../../Engine/Content/EngineSounds/Music.uasset" 423
"../../../Engine/Content/EngineSounds/SFX.uasset" 424
"../../../Engine/Content/EngineSounds/Normal_Attack.uasset" 425
"../../../Engine/Content/EngineSounds/Special_Attack_PSM.uasset" 426
"../../../Engine/Content/EngineSounds/Duck_Normal_Attack_MixMod.uasset" 427
"../../../Engine/Content/EngineSounds/Voice.uasset" 428
"../../../Engine/Content/EngineMeshes/Cylinder.uasset" 429
"../../../Engine/Content/EngineMaterials/DefaultMaterial.uasset" 430
"../../../Engine/Content/EngineTireTypes/DefaultTireType.uasset" 431
"/Users/antoinejohn/Library/Preferences/Unreal Engine/Runner1Editor/Mac/InternationalizationExport.ini" 432
"../../../../../../antoinejohn/Documents/Unreal Projects/Runner1/Intermediate/Config/CoalescedSourceConfigs/InternationalizationExport.ini" 433
"/Users/antoinejohn/Library/Preferences/Unreal Engine/Runner1Editor/Mac/TranslationPickerSettings.ini" 434
"../../../../../../antoinejohn/Documents/Unreal Projects/Runner1/Intermediate/Config/CoalescedSourceConfigs/TranslationPickerSettings.ini" 435
"../../../Engine/Content/Editor/Slate/Fonts/FontAwesome.ttf" 436
"../../../Engine/Content/Editor/Slate/Fonts/DroidSansMono.ttf" 437
"../../../Engine/Content/Editor/Slate/Fonts/Roboto-BoldCondensed.ttf" 438
"../../../Engine/Content/Editor/Slate/Fonts/Roboto-Black.ttf" 439
"../../../Engine/Content/Editor/Slate/Fonts/Roboto-Italic.ttf" 440
"../../../Engine/Content/Editor/Slate/Fonts/Roboto-BoldCondensedItalic.ttf" 441
"../../../Engine/Content/Internationalization/icudt53l/coll/ucadata.icu" 442
"../../../Engine/Content/Internationalization/icudt53l/nfc.nrm" 443
"../../../Engine/Content/Internationalization/icudt53l/coll/en.res" 444
"../../../Engine/Content/Internationalization/icudt53l/coll/root.res" 445
"../../../Engine/Content/EngineResources/AICON-Red.uasset" 446
"../../../Engine/Content/EngineResources/AICON-Green.uasset" 447
"../../../Engine/Content/Tutorial/Basics/LevelEditorAttract.uasset" 448
"../../../Engine/Content/Tutorial/Basics/LevelEditorOverview.uasset" 449
"../../../Engine/Content/Tutorial/Basics/TutorialAssets/icon_tab_Levels_40x.uasset" 450
"../../../Engine/Content/Tutorial/Landscape/Landscape_Manage_Mode.uasset" 451
"../../../Engine/Content/Tutorial/Landscape/TutorialAssets/Landscape.uasset" 452
"../../../Engine/Content/Tutorial/ContentIntroCurve.uasset" 453
"../../../Engine/Plugins/2D/Paper2D/Content/MaskedUnlitSpriteMaterial.uasset" 454
"../../../Engine/Plugins/2D/Paper2D/Content/DefaultSpriteMaterial.uasset" 455
"../../../Engine/Plugins/2D/Paper2D/Content/DummySpriteTexture.uasset" 456
"../../../Engine/Plugins/2D/Paper2D/Content/PlaceholderTextures/DummySpriteTexture.uasset" 457
"../../../Engine/Plugins/2D/Paper2D/Content/OpaqueUnlitSpriteMaterial.uasset" 458
"../../../Engine/Plugins/2D/Paper2D/Content/DefaultPaperTerrainMaterial.uasset" 459
"../../../Engine/Plugins/2D/Paper2D/Content/DummySprite.uasset" 460
"/Users/antoinejohn/Library/Application Support/Epic/UnrealEngine/4.9/Saved/Config/Mac/SourceControlSettings.ini" 461
"../../../../../../antoinejohn/Documents/Unreal Projects/Runner1/Intermediate/Config/CoalescedSourceConfigs/SourceControlSettings.ini" 462
"/Users/antoinejohn/Library/Preferences/Unreal Engine/Runner1Editor/Mac/SourceControlSettings.ini" 463
"../../../Engine/Content/EngineMaterials/RemoveSurfaceMaterial.uasset" 464
"../../../Engine/Content/EngineDebugMaterials/DebugMeshMaterial.uasset" 465
"../../../Engine/Content/EngineMaterials/M_InvalidLightmapSettings.uasset" 466
"../../../Engine/Content/EngineMaterials/InvalidLightmapSettings.uasset" 467
"../../../Engine/Content/EditorMaterials/GizmoMaterial.uasset" 468
"../../../Engine/Content/EngineMaterials/Good64x64TilingNoiseHighFreq.uasset" 469
"../../../Engine/Content/EngineMaterials/DefaultBokeh.uasset" 470
"../../../Engine/Content/EngineMaterials/PreintegratedSkinBRDF.uasset" 471
"../../../Engine/Content/EngineMaterials/MiniFont.uasset" 472
"../../../Engine/Content/EngineMaterials/WeightMapPlaceholderTexture.uasset" 473
"../../../Engine/Content/EngineMaterials/DefaultWhiteGrid.uasset" 474
"../../../Engine/Content/EngineMaterials/DefaultPhysicalMaterial.uasset" 475
"../../../Engine/Content/EngineFonts/RobotoTiny.uasset" 476
"../../../../../../antoinejohn/Documents/Unreal Projects/Runner1/Intermediate/CachedAssetRegistry.bin" 477
"../../../../../../antoinejohn/Documents/Unreal Projects/Runner1/Content/Main.umap" 478
"../../../../../../antoinejohn/Documents/Unreal Projects/Runner1/Content/ThirdPersonBP/Blueprints/BP_FloorTile.uasset" 479
"../../../../../../antoinejohn/Documents/Unreal Projects/Runner1/Content/ThirdPersonBP/Blueprints/BP_FloorTile_CornerL.uasset" 480
"../../../../../../antoinejohn/Documents/Unreal Projects/Runner1/Content/ThirdPersonBP/Blueprints/BP_FloorTile_CornerR.uasset" 481
"../../../../../../antoinejohn/Documents/Unreal Projects/Runner1/Content/ThirdPersonBP/Blueprints/BP_FloorTile_Jump.uasset" 482
"../../../../../../antoinejohn/Documents/Unreal Projects/Runner1/Content/ThirdPersonBP/Blueprints/BP_FloorTile_RampDown.uasset" 483
"../../../../../../antoinejohn/Documents/Unreal Projects/Runner1/Content/ThirdPersonBP/Blueprints/BP_FloorTile_RampUp.uasset" 484
"../../../../../../antoinejohn/Documents/Unreal Projects/Runner1/Content/ThirdPersonBP/Blueprints/RunCharacter.uasset" 485
"../../../../../../antoinejohn/Documents/Unreal Projects/Runner1/Content/ThirdPersonBP/Blueprints/RunGameMode.uasset" 486
"../../../../../../antoinejohn/Documents/Unreal Projects/Runner1/Saved/Autosaves/Game/Main_Auto3.umap" 487
"../../../../../../antoinejohn/Documents/Unreal Projects/Runner1/Saved/Autosaves/Game/UEDPCMain.umap" 488
"../../../../../../antoinejohn/Documents/Unreal Projects/Runner1/Saved/Autosaves/Game/Geometry/Meshes/CubeMaterial_Auto1.uasset" 489
"../../../../../../antoinejohn/Documents/Unreal Projects/Runner1/Saved/Autosaves/Game/StarterContent/Materials/M_Brick_Clay_Beveled_Auto1.uasset" 490
"../../../../../../antoinejohn/Documents/Unreal Projects/Runner1/Saved/Autosaves/Game/ThirdPersonBP/Blueprints/BP_FloorTile_Auto1.uasset" 491
"../../../../../../antoinejohn/Documents/Unreal Projects/Runner1/Saved/Autosaves/Game/ThirdPersonBP/Blueprints/BP_FloorTile_Auto2.uasset" 492
"../../../../../../antoinejohn/Documents/Unreal Projects/Runner1/Saved/Autosaves/Game/ThirdPersonBP/Blueprints/BP_FloorTile_CornerL_Auto2.uasset" 493
"../../../../../../antoinejohn/Documents/Unreal Projects/Runner1/Saved/Autosaves/Game/ThirdPersonBP/Blueprints/BP_FloorTile_CornerR_Auto1.uasset" 494
"../../../../../../antoinejohn/Documents/Unreal Projects/Runner1/Saved/Autosaves/Game/ThirdPersonBP/Blueprints/RunCharacter_Auto1.uasset" 495
"../../../../../../antoinejohn/Documents/Unreal Projects/Runner1/Saved/Autosaves/Game/ThirdPersonBP/Blueprints/RunGameMode_Auto1.uasset" 496
"../../../../../../antoinejohn/Documents/Unreal Projects/Runner1/Saved/Autosaves/Temp/Untitled_1_Auto1.umap" 497
"../../../Engine/Config/HTML5/HTML5Engine.ini" 498
"../../../Engine/Content/MobileResources/HUD/VirtualJoystick_Thumb.uasset" 499
"../../../Engine/Content/EditorResources/BSPVertex.uasset" 500
"../../../Engine/Content/EngineDebugMaterials/WireframeMaterial.uasset" 501
"../../../Engine/Content/EngineDebugMaterials/GeomMaterial.uasset" 502
"../../../Engine/Content/EngineDebugMaterials/LevelColorationLitMaterial.uasset" 503
"../../../Engine/Content/EngineDebugMaterials/LevelColorationUnlitMaterial.uasset" 504
"../../../Engine/Content/EngineDebugMaterials/MAT_LevelColorationLitLightmapUV.uasset" 505
"../../../Engine/Content/EngineDebugMaterials/ShadedLevelColorationLitMaterial.uasset" 506
"../../../Engine/Content/EngineDebugMaterials/ShadedLevelColorationUnlitMateri.uasset" 507
"../../../Engine/Content/EngineDebugMaterials/VertexColorMaterial.uasset" 508
"../../../Engine/Content/EngineDebugMaterials/VertexColorViewMode_ColorOnly.uasset" 509
"../../../Engine/Content/EngineDebugMaterials/VertexColorViewMode_AlphaAsColor.uasset" 510
"../../../Engine/Content/EngineDebugMaterials/VertexColorViewMode_RedOnly.uasset" 511
"../../../Engine/Content/EngineDebugMaterials/VertexColorViewMode_GreenOnly.uasset" 512
"../../../Engine/Content/EngineDebugMaterials/VertexColorViewMode_BlueOnly.uasset" 513
"../../../Engine/Content/EngineDebugMaterials/BoneWeightMaterial.uasset" 514
"../../../Engine/Content/EngineDebugMaterials/HeatmapGradient.uasset" 515
"../../../Engine/Content/EditorMaterials/PhAT_JointLimitMaterial.uasset" 516
"../../../Engine/Content/EditorMaterials/PreviewShadowIndicatorMaterial.uasset" 517
"../../../Engine/Content/EditorMaterials/PreviewShadowIndicator.uasset" 518
"../../../Engine/Content/EngineMaterials/EditorBrushMaterial.uasset" 519
"../../../Engine/Content/EditorBlueprintResources/StandardMacros.uasset" 520
"../../../../../../antoinejohn/Documents/Unreal Projects/Runner1/Content/ThirdPersonBP/Blueprints/BP_Blocker.uasset" 521
"../../../../../../antoinejohn/Documents/Unreal Projects/Runner1/Content/Mannequin/Animations/ThirdPerson_AnimBP.uasset" 522
"../../../../../../antoinejohn/Documents/Unreal Projects/Runner1/Content/Mannequin/Animations/ThirdPerson_Jump.uasset" 523
"../../../../../../antoinejohn/Documents/Unreal Projects/Runner1/Content/Mannequin/Character/Mesh/UE4_Mannequin_Skeleton.uasset" 524
"../../../../../../antoinejohn/Documents/Unreal Projects/Runner1/Content/Mannequin/Animations/ThirdPersonJump_Loop.uasset" 525
"../../../../../../antoinejohn/Documents/Unreal Projects/Runner1/Content/Mannequin/Animations/ThirdPersonJump_Start.uasset" 526
"../../../../../../antoinejohn/Documents/Unreal Projects/Runner1/Content/Mannequin/Animations/ThirdPerson_IdleRun_2D.uasset" 527
"../../../../../../antoinejohn/Documents/Unreal Projects/Runner1/Content/Mannequin/Animations/ThirdPersonIdle.uasset" 528
"../../../../../../antoinejohn/Documents/Unreal Projects/Runner1/Content/Mannequin/Animations/ThirdPersonRun.uasset" 529
"../../../../../../antoinejohn/Documents/Unreal Projects/Runner1/Content/Mannequin/Animations/ThirdPersonWalk.uasset" 530
"../../../../../../antoinejohn/Documents/Unreal Projects/Runner1/Content/Mannequin/Character/Mesh/SK_Mannequin.uasset" 531
"../../../../../../antoinejohn/Documents/Unreal Projects/Runner1/Content/Mannequin/Character/Materials/M_UE4Man_Body.uasset" 532
"../../../Engine/Content/Functions/Engine_MaterialFunctions02/Utility/BlendAngleCorrectedNormals.uasset" 533
"../../../Engine/Content/Functions/MaterialLayerFunctions/MatLayerBlend_NormalBlend.uasset" 534
"../../../Engine/Content/Functions/MaterialLayerFunctions/MatLayerBlend_Simple.uasset" 535
"../../../../../../antoinejohn/Documents/Unreal Projects/Runner1/Content/Mannequin/Character/Materials/MaterialLayers/ML_GlossyBlack_Latex_UE4.uasset" 536
"../../../../../../antoinejohn/Documents/Unreal Projects/Runner1/Content/Mannequin/Character/Materials/MaterialLayers/T_ML_Rubber_Blue_01_D.uasset" 537
"../../../../../../antoinejohn/Documents/Unreal Projects/Runner1/Content/Mannequin/Character/Materials/MaterialLayers/T_ML_Rubber_Blue_01_N.uasset" 538
"../../../../../../antoinejohn/Documents/Unreal Projects/Runner1/Content/Mannequin/Character/Materials/MaterialLayers/ML_Plastic_Shiny_Beige.uasset" 539
"../../../../../../antoinejohn/Documents/Unreal Projects/Runner1/Content/Mannequin/Character/Materials/MaterialLayers/ML_Plastic_Shiny_Beige_LOGO.uasset" 540
"../../../../../../antoinejohn/Documents/Unreal Projects/Runner1/Content/Mannequin/Character/Textures/UE4_LOGO_CARD.uasset" 541
"../../../../../../antoinejohn/Documents/Unreal Projects/Runner1/Content/Mannequin/Character/Materials/MaterialLayers/ML_SoftMetal_UE4.uasset" 542
"../../../../../../antoinejohn/Documents/Unreal Projects/Runner1/Content/Mannequin/Character/Materials/MaterialLayers/T_ML_Aluminum01.uasset" 543
"../../../../../../antoinejohn/Documents/Unreal Projects/Runner1/Content/Mannequin/Character/Materials/MaterialLayers/T_ML_Aluminum01_N.uasset" 544
"../../../../../../antoinejohn/Documents/Unreal Projects/Runner1/Content/Mannequin/Character/Textures/UE4_Mannequin__normals.uasset" 545
"../../../../../../antoinejohn/Documents/Unreal Projects/Runner1/Content/Mannequin/Character/Textures/UE4_Mannequin_MAT_MASKA.uasset" 546
"../../../../../../antoinejohn/Documents/Unreal Projects/Runner1/Content/Mannequin/Character/Materials/M_UE4Man_ChestLogo.uasset" 547
"../../../../../../antoinejohn/Documents/Unreal Projects/Runner1/Content/Mannequin/Character/Textures/UE4Man_Logo_N.uasset" 548
"../../../../../../antoinejohn/Documents/Unreal Projects/Runner1/Content/StarterContent/Audio/Explosion_Cue.uasset" 549
"../../../../../../antoinejohn/Documents/Unreal Projects/Runner1/Content/StarterContent/Audio/Explosion01.uasset" 550
"../../../../../../antoinejohn/Documents/Unreal Projects/Runner1/Content/StarterContent/Audio/Explosion02.uasset" 551
"../../../../../../antoinejohn/Documents/Unreal Projects/Runner1/Content/StarterContent/Particles/P_Explosion.uasset" 552
"../../../../../../antoinejohn/Documents/Unreal Projects/Runner1/Content/StarterContent/Particles/Materials/M_Burst.uasset" 553
"../../../../../../antoinejohn/Documents/Unreal Projects/Runner1/Content/StarterContent/Textures/T_Burst_M.uasset" 554
"../../../../../../antoinejohn/Documents/Unreal Projects/Runner1/Content/StarterContent/Particles/Materials/M_explosion_subUV.uasset" 555
"../../../../../../antoinejohn/Documents/Unreal Projects/Runner1/Content/StarterContent/Textures/T_Explosion_SubUV.uasset" 556
"../../../../../../antoinejohn/Documents/Unreal Projects/Runner1/Content/StarterContent/Particles/Materials/m_flare_01.uasset" 557
"../../../../../../antoinejohn/Documents/Unreal Projects/Runner1/Content/StarterContent/Particles/Materials/M_radial_ramp.uasset" 558
"../../../Engine/Content/Functions/Engine_MaterialFunctions01/Gradient/RadialGradient.uasset" 559
"../../../../../../antoinejohn/Documents/Unreal Projects/Runner1/Content/StarterContent/Particles/Materials/M_smoke_subUV.uasset" 560
"../../../../../../antoinejohn/Documents/Unreal Projects/Runner1/Content/StarterContent/Textures/T_Smoke_SubUV.uasset" 561
"../../../../../../antoinejohn/Documents/Unreal Projects/Runner1/Content/StarterContent/Textures/T_Smoke_Tiled_D.uasset" 562
"../../../../../../antoinejohn/Documents/Unreal Projects/Runner1/Content/StarterContent/Props/SM_Rock.uasset" 563
"../../../../../../antoinejohn/Documents/Unreal Projects/Runner1/Content/StarterContent/Props/Materials/M_Rock.uasset" 564
"../../../../../../antoinejohn/Documents/Unreal Projects/Runner1/Content/StarterContent/Textures/T_Detail_Rocky_N.uasset" 565
"../../../../../../antoinejohn/Documents/Unreal Projects/Runner1/Content/StarterContent/Textures/T_Rock_Basalt_D.uasset" 566
"../../../../../../antoinejohn/Documents/Unreal Projects/Runner1/Content/StarterContent/Textures/T_RockMesh_M.uasset" 567
"../../../../../../antoinejohn/Documents/Unreal Projects/Runner1/Content/StarterContent/Textures/T_RockMesh_N.uasset" 568
"../../../Engine/Content/BasicShapes/Cube.uasset" 569
"../../../../../../antoinejohn/Documents/Unreal Projects/Runner1/Content/StarterContent/Materials/M_Basic_Floor.uasset" 570
"../../../../../../antoinejohn/Documents/Unreal Projects/Runner1/Content/StarterContent/Shapes/Shape_Wedge_B.uasset" 571
"../../../../../../antoinejohn/Documents/Unreal Projects/Runner1/Content/StarterContent/Materials/M_Basic_Wall.uasset" 572
"/Users/antoinejohn/Library/Application Support/Epic/UnrealEngine/Common/DerivedDataCache/0/1/9/PHYSX_1D9C17C451EA4FB88CB7A27536A65DB0_PHYSXPC_185BBCE5AE4FBD7B2B794AB166C965F__6A03802F02595BB21E216E54E4E5B2B5A3282E47.udd" 573
"/Users/antoinejohn/Library/Application Support/Epic/UnrealEngine/Common/DerivedDataCache/5/2/1/NAVCOLLISION_B89838347A4348138EE337A847529C5C_NAVCOLLISION_X_185BBCE5AE4FBD7B2__09DD0791AF277B7039C2BA987BD615741B662B41.udd" 574
"../../../Engine/Content/EditorMeshes/ColorCalibrator/SM_ColorCalibrator.uasset" 575
"../../../Engine/Content/EditorMeshes/ColorCalibrator/M_ChromeBall.uasset" 576
"../../../Engine/Content/EditorMeshes/ColorCalibrator/M_ClearCoat.uasset" 577
"../../../Engine/Content/EditorMeshes/ColorCalibrator/M_ClearCoatBlack.uasset" 578
"../../../Engine/Content/EditorMeshes/ColorCalibrator/M_ColorGrid.uasset" 579
"../../../Engine/Content/EditorMeshes/ColorCalibrator/T_ColorGrid.uasset" 580
"../../../Engine/Content/EditorMeshes/ColorCalibrator/M_GreyBall.uasset" 581
"../../../Engine/Content/MobileResources/HUD/DefaultVirtualJoysticks.uasset" 582
"../../../Engine/Content/MobileResources/HUD/VirtualJoystick_Background.uasset" 583
"../../../Engine/Content/Tutorial/BlueprintTutorials/TutorialAssets/Blueprint_64x.uasset" 584
"../../../Engine/Content/Tutorial/SubEditors/TutorialAssets/icon_Editor_Preferences_General_40x.uasset" 585
"../../../Engine/Content/Tutorial/Paper2D/TutorialAssets/Paper2DSprite_TutorialIcon.uasset" 586
"../../../Engine/Content/Tutorial/SubEditors/TutorialAssets/icon_ShowSkeletalMeshes_40x.uasset" 587
"../../../Engine/Content/Tutorial/Foliage/TutorialAssets/Foliage.uasset" 588
"../../../Engine/Content/Tutorial/SubEditors/StaticMeshEditorTutorial.uasset" 589
"../../../Engine/Content/EngineMeshes/Cube.uasset" 590
"../../../Engine/Content/Tutorial/BlueprintTutorials/BlueprintEditorTutorial.uasset" 591
"../../../Engine/Content/Tutorial/BlueprintTutorials/BlueprintMacroLibrariesEditorOverview.uasset" 592
"../../../Engine/Content/Tutorial/BlueprintTutorials/TutorialAssets/BlueprintMacroLibrary_64x.uasset" 593
"../../../Engine/Content/Tutorial/BlueprintTutorials/TutorialAssets/Tutorial_BP_MacroLib.uasset" 594
"../../../Engine/Content/Tutorial/BlueprintTutorials/BlueprintInterfacesEditorOverview.uasset" 595
"../../../Engine/Content/Tutorial/BlueprintTutorials/TutorialAssets/BlueprintInterface_64x.uasset" 596
"../../../Engine/Content/Tutorial/BlueprintTutorials/TutorialAssets/Tutorial_BP_Interface.uasset" 597
"../../../Engine/Content/Tutorial/BlueprintTutorials/LevelBlueprintEditorOverview.uasset" 598
"../../../Engine/Content/Tutorial/SubEditors/DestructibleMeshEditorTutorial.uasset" 599
"../../../Engine/Content/Tutorial/SubEditors/TutorialAssets/Tutorial_DM.uasset" 600
"../../../Engine/Content/EditorMeshes/EditorCube.uasset" 601
"../../../Engine/Content/Tutorial/SubEditors/MaterialEditorTutorial.uasset" 602
"../../../Engine/Content/Tutorial/SubEditors/TutorialAssets/TutorialMaterial.uasset" 603
"../../../Engine/Content/Tutorial/SubEditors/ParticleSystemEditorTutorial.uasset" 604
"../../../Engine/Content/Tutorial/SubEditors/TutorialAssets/TutorialParticleSystem.uasset" 605
"../../../Engine/Content/Tutorial/SubEditors/TutorialAssets/M_smoke_subUV_blackbody.uasset" 606
"../../../Engine/Content/Tutorial/SubEditors/TutorialAssets/T_SmokeSubUV_8X8.uasset" 607
"../../../Engine/Content/Tutorial/SubEditors/TutorialAssets/T_soft_smoke.uasset" 608
"../../../Engine/Content/Tutorial/SubEditors/PersonaAnimEditorTutorial.uasset" 609
"../../../Engine/Content/Tutorial/SubEditors/PersonaAnimEditorWalkthrough.uasset" 610
"../../../Engine/Content/Tutorial/SubEditors/TutorialAssets/Character/NewBlendSpace1D.uasset" 611
"../../../Engine/Content/Tutorial/SubEditors/TutorialAssets/Character/Tutorial_Idle.uasset" 612
"../../../Engine/Content/Tutorial/SubEditors/TutorialAssets/Character/TutorialTPP_Skeleton.uasset" 613
"../../../Engine/Content/Tutorial/SubEditors/TutorialAssets/Character/Tutorial_Walk_Fwd.uasset" 614
"../../../Engine/Content/Tutorial/SubEditors/TutorialAssets/Character/TutorialTPP.uasset" 615
"../../../Engine/Content/Tutorial/SubEditors/TutorialAssets/Character/TutorialTPP_Mat.uasset" 616
"../../../Engine/Content/Tutorial/SubEditors/TutorialAssets/Character/TutorialTPP_PhysicsAsset.uasset" 617
"../../../Engine/Content/Tutorial/SubEditors/PersonaAnimBlueprintEditorWalkthrough.uasset" 618
"../../../Engine/Content/Tutorial/SubEditors/TutorialAssets/Character/TutorialTPP_AnimBlueprint.uasset" 619
"../../../Engine/Content/Tutorial/SubEditors/TutorialAssets/Character/TutorialCharacter.uasset" 620
"../../../Engine/Content/Tutorial/Paper2D/SpriteEditorTutorial.uasset" 621
"../../../Engine/Content/Tutorial/Paper2D/FlipbookEditorTutorial.uasset" 622
"../../../Engine/Content/Tutorial/Paper2D/TutorialAssets/Paper2DFlipbook_TutorialIcon.uasset" 623
"../../../Engine/Content/Tutorial/Foliage/Foliage_Intro_Tutorial.uasset" 624
"../../../Engine/Content/Tutorial/Foliage/Foliage_Using_The_Tool_Tutorial.uasset" 625
"../../../Engine/Content/Tutorial/Foliage/Foliage_Settings_Tutorial.uasset" 626
"../../../Engine/Content/Tutorial/Landscape/Landscape_Sculpt_Mode.uasset" 627
"../../../Engine/Content/Tutorial/Landscape/Landscape_Painting_Mode.uasset" 628
"../../../Engine/Content/MobileResources/HUD/T_Castle_ThumbstickOutter.uasset" 629
"../../../Engine/Content/MobileResources/HUD/MobileHUDDirectionPad3.uasset" 630
"../../../Engine/Content/MobileResources/HUD/MobileHUDButton2_off.uasset" 631
"../../../Engine/Content/MobileResources/HUD/AnalogHat.uasset" 632
"../../../Engine/Content/MobileResources/T_MobileControls_texture.uasset" 633
"../../../../../../antoinejohn/Documents/Unreal Projects/Runner1/Content/StarterContent/Maps/Advanced_Lighting.umap" 634
"../../../../../../antoinejohn/Documents/Unreal Projects/Runner1/Content/StarterContent/Blueprints/BP_LightStudio.uasset" 635
"../../../../../../antoinejohn/Documents/Unreal Projects/Runner1/Content/StarterContent/Blueprints/Assets/FogBrightnessLUT.uasset" 636
"../../../../../../antoinejohn/Documents/Unreal Projects/Runner1/Content/StarterContent/Blueprints/Assets/SunlightColorLUT.uasset" 637
"../../../../../../antoinejohn/Documents/Unreal Projects/Runner1/Content/StarterContent/Blueprints/Assets/M_LightStage_Arrows.uasset" 638
"../../../../../../antoinejohn/Documents/Unreal Projects/Runner1/Content/StarterContent/Blueprints/Assets/M_LightStage_Skybox_Master.uasset" 639
"../../../Engine/Content/MapTemplates/Sky/DaylightAmbientCubemap.uasset" 640
"../../../../../../antoinejohn/Documents/Unreal Projects/Runner1/Content/StarterContent/Blueprints/Assets/M_LightStage_Skybox_Black.uasset" 641
"../../../../../../antoinejohn/Documents/Unreal Projects/Runner1/Content/StarterContent/Blueprints/Assets/M_LightStage_Skybox_HDRI.uasset" 642
"../../../../../../antoinejohn/Documents/Unreal Projects/Runner1/Content/StarterContent/Blueprints/Assets/Skybox.uasset" 643
"../../../Engine/Content/EditorMaterials/Thumbnails/SkySphereMaterial.uasset" 644
"../../../../../../antoinejohn/Documents/Unreal Projects/Runner1/Content/StarterContent/Blueprints/Assets/SM_Arrows.uasset" 645
"../../../../../../antoinejohn/Documents/Unreal Projects/Runner1/Content/StarterContent/HDRI/HDRI_Epic_Courtyard_Daylight.uasset" 646
"../../../../../../antoinejohn/Documents/Unreal Projects/Runner1/Content/StarterContent/Materials/M_AssetPlatform.uasset" 647
"../../../../../../antoinejohn/Documents/Unreal Projects/Runner1/Content/StarterContent/Architecture/SM_AssetPlatform.uasset" 648
"../../../Engine/Content/EditorResources/EmptyActor.uasset" 649
"../../../Engine/Content/EditorResources/LightIcons/S_LightError.uasset" 650
"../../../../../../antoinejohn/Documents/Unreal Projects/Runner1/Content/ThirdPersonBP/Blueprints/ThirdPersonCharacter.uasset" 651
"../../../../../../antoinejohn/Documents/Unreal Projects/Runner1/Content/ThirdPersonBP/Blueprints/NewBlueprint.uasset" 652
"../../../../../../antoinejohn/Documents/Unreal Projects/Runner1/Content/ThirdPersonBP/VehicleOverview.uasset" 653
"../../../../../../antoinejohn/Documents/Unreal Projects/Runner1/Content/ThirdPersonBP/ThirdPersonOverview.uasset" 654
"../../../../../../antoinejohn/Documents/Unreal Projects/Runner1/Content/ThirdPerson/Meshes/Sedan_FrontWheel.uasset" 655
"../../../../../../antoinejohn/Documents/Unreal Projects/Runner1/Content/ThirdPerson/Meshes/Sedan_BackWheel.uasset" 656
"../../../../../../antoinejohn/Documents/Unreal Projects/Runner1/Content/ThirdPerson/Meshes/Sedan.uasset" 657
"../../../../../../antoinejohn/Documents/Unreal Projects/Runner1/Content/VehicleBP/Blueprints/VehicleHUD.uasset" 658
"../../../../../../antoinejohn/Documents/Unreal Projects/Runner1/Content/VehicleBP/Sedan/Sedan.uasset" 659
"../../../../../../antoinejohn/Documents/Unreal Projects/Runner1/Content/VehicleBP/Sedan/Sedan_FrontWheel.uasset" 660
"../../../../../../antoinejohn/Documents/Unreal Projects/Runner1/Content/VehicleBP/Sedan/Sedan_BackWheel.uasset" 661
"../../../../../../antoinejohn/Documents/Unreal Projects/Runner1/Content/ThirdPerson/Meshes/RightArm_StaticMesh.uasset" 662
"../../../../../../antoinejohn/Documents/Unreal Projects/Runner1/Content/ThirdPerson/Meshes/RampMaterial.uasset" 663
"../../../../../../antoinejohn/Documents/Unreal Projects/Runner1/Content/ThirdPerson/Meshes/Ramp_StaticMesh.uasset" 664
"../../../../../../antoinejohn/Documents/Unreal Projects/Runner1/Content/ThirdPerson/Meshes/Linear_Stair_StaticMesh.uasset" 665
"../../../../../../antoinejohn/Documents/Unreal Projects/Runner1/Content/ThirdPerson/Meshes/LeftArm_StaticMesh.uasset" 666
"../../../../../../antoinejohn/Documents/Unreal Projects/Runner1/Content/ThirdPerson/Meshes/CubeMaterial.uasset" 667
"../../../../../../antoinejohn/Documents/Unreal Projects/Runner1/Content/ThirdPerson/Meshes/Bump_StaticMesh.uasset" 668
"../../../../../../antoinejohn/Documents/Unreal Projects/Runner1/Content/StarterContent/Textures/T_Wood_Walnut_N.uasset" 669
"../../../../../../antoinejohn/Documents/Unreal Projects/Runner1/Content/StarterContent/Textures/T_Concrete_Tiles_Variation_M.uasset" 670
"../../../../../../antoinejohn/Documents/Unreal Projects/Runner1/Content/StarterContent/Textures/T_Concrete_Poured_N.uasset" 671
"../../../../../../antoinejohn/Documents/Unreal Projects/Runner1/Content/StarterContent/Audio/Fire01_Cue.uasset" 672
"../../../../../../antoinejohn/Documents/Unreal Projects/Runner1/Content/StarterContent/Audio/Fire01.uasset" 673
"../../../../../../antoinejohn/Documents/Unreal Projects/Runner1/Content/StarterContent/Audio/Collapse_Cue.uasset" 674
"../../../../../../antoinejohn/Documents/Unreal Projects/Runner1/Content/StarterContent/Audio/Collapse01.uasset" 675
"../../../../../../antoinejohn/Documents/Unreal Projects/Runner1/Content/StarterContent/Audio/Collapse02.uasset" 676
"../../../../../../antoinejohn/Documents/Unreal Projects/Runner1/Content/StarterContent/Architecture/Wall_Window_400x400.uasset" 677
"../../../../../../antoinejohn/Documents/Unreal Projects/Runner1/Content/StarterContent/Architecture/Wall_Window_400x300.uasset" 678
"../../../../../../antoinejohn/Documents/Unreal Projects/Runner1/Content/StarterContent/Architecture/Wall_Door_400x400.uasset" 679
"../../../../../../antoinejohn/Documents/Unreal Projects/Runner1/Content/StarterContent/Architecture/Wall_Door_400x300.uasset" 680
"../../../../../../antoinejohn/Documents/Unreal Projects/Runner1/Content/StarterContent/Architecture/Wall_500x500.uasset" 681
"../../../../../../antoinejohn/Documents/Unreal Projects/Runner1/Content/StarterContent/Architecture/Wall_400x400.uasset" 682
"../../../../../../antoinejohn/Documents/Unreal Projects/Runner1/Content/StarterContent/Architecture/Wall_400x300.uasset" 683
"../../../../../../antoinejohn/Documents/Unreal Projects/Runner1/Content/StarterContent/Architecture/Wall_400x200.uasset" 684
"../../../../../../antoinejohn/Documents/Unreal Projects/Runner1/Content/StarterContent/Architecture/Pillar_50x500.uasset" 685
"../../../../../../antoinejohn/Documents/Unreal Projects/Runner1/Content/StarterContent/Architecture/Floor_400x400.uasset" 686
"/Users/antoinejohn/Library/Application Support/Epic/UnrealEngine/Common/DerivedDataCache/7/5/8/PHYSX_1D9C17C451EA4FB88CB7A27536A65DB0_PHYSXPC_89A82B4335409D696436398ADFC049C__2C5B466666C86B2772C1BF91CB272613A39D3A79.udd" 687
"../../../../../../antoinejohn/Documents/Unreal Projects/Runner1/Content/Mannequin/Character/Mesh/Sedan/Materials/M_Vehicle_Sedan_Inst_TailLights.uasset" 688
"../../../../../../antoinejohn/Documents/Unreal Projects/Runner1/Content/Mannequin/Character/Mesh/Sedan/Materials/M_Vehicle_Sedan_Inst_Plastic.uasset" 689
"../../../../../../antoinejohn/Documents/Unreal Projects/Runner1/Content/Mannequin/Character/Mesh/Sedan/Materials/M_Vehicle_Sedan_Inst_Paint.uasset" 690
"../../../../../../antoinejohn/Documents/Unreal Projects/Runner1/Content/Mannequin/Character/Mesh/Sedan/Materials/M_Vehicle_Sedan_Inst_Headlights.uasset" 691
"../../../../../../antoinejohn/Documents/Unreal Projects/Runner1/Content/Mannequin/Character/Mesh/Sedan/Materials/M_Vehicle_Sedan_Inst_Glass.uasset" 692
"../../../../../../antoinejohn/Documents/Unreal Projects/Runner1/Content/Mannequin/Character/Mesh/Sedan/Materials/M_Vehicle_Sedan.uasset" 693
"../../../../../../antoinejohn/Documents/Unreal Projects/Runner1/Content/Mannequin/Character/Mesh/Sedan/SedanVirtualJoysticks.uasset" 694
"../../../../../../antoinejohn/Documents/Unreal Projects/Runner1/Content/Mannequin/Character/Mesh/Sedan/Sedan_SkelMesh.uasset" 695
"../../../../../../antoinejohn/Documents/Unreal Projects/Runner1/Content/Mannequin/Character/Mesh/Sedan/Sedan_Skeleton.uasset" 696
"../../../../../../antoinejohn/Documents/Unreal Projects/Runner1/Content/Mannequin/Character/Mesh/Sedan/Sedan_PhysMat.uasset" 697
"../../../../../../antoinejohn/Documents/Unreal Projects/Runner1/Content/Mannequin/Character/Mesh/Sedan/Sedan_PhysicsAsset.uasset" 698
"../../../../../../antoinejohn/Documents/Unreal Projects/Runner1/Content/Mannequin/Character/Mesh/Sedan/Sedan_AnimBP.uasset" 699
"../../../../../../antoinejohn/Documents/Unreal Projects/Runner1/Content/Mannequin/Character/Mesh/SK_Mannequin_PhysicsAsset.uasset" 700
"../../../../../../antoinejohn/Documents/Unreal Projects/Runner1/Content/Geometry/Meshes/1M_Cube.uasset" 701
"../../../../../../antoinejohn/Documents/Unreal Projects/Runner1/Content/Geometry/Meshes/CubeMaterial.uasset" 702
"../../../../../../antoinejohn/Documents/Unreal Projects/Runner1/Content/ThirdPersonBP/Maps/ThirdPersonExampleMap.umap" 703
"../../../Engine/Content/EngineSky/BP_Sky_Sphere.uasset" 704
"../../../Engine/Content/EngineSky/C_Sky_Cloud_Color.uasset" 705
"../../../Engine/Content/EngineSky/C_Sky_Horizon_Color.uasset" 706
"../../../Engine/Content/EngineSky/C_Sky_Zenith_Color.uasset" 707
"../../../Engine/Content/EngineSky/M_Sky_Panning_Clouds2.uasset" 708
"../../../Engine/Content/EngineSky/T_Sky_Blue.uasset" 709
"../../../Engine/Content/EngineSky/T_Sky_Clouds_M.uasset" 710
"../../../Engine/Content/EngineSky/T_Sky_Stars.uasset" 711
"../../../Engine/Content/EngineSky/SM_SkySphere.uasset" 712
"../../../Engine/Content/EngineMaterials/AntiAliasedTextMaterialTranslucent.uasset" 713
"../../../Engine/Content/Functions/Engine_MaterialFunctions03/Procedurals/ComputeFilterWidth.uasset" 714
"../../../../../../antoinejohn/Documents/Unreal Projects/Runner1/Content/Geometry/Meshes/1M_Cube_Chamfer.uasset" 715
"../../../../../../antoinejohn/Documents/Unreal Projects/Runner1/Content/Geometry/Meshes/TemplateFloor.uasset" 716
"../../../../../../antoinejohn/Documents/Unreal Projects/Runner1/Content/StarterContent/Shapes/Shape_TriPyramid.uasset" 717
"../../../../../../antoinejohn/Documents/Unreal Projects/Runner1/Content/StarterContent/Shapes/Shape_Trim_90_Out.uasset" 718
"../../../../../../antoinejohn/Documents/Unreal Projects/Runner1/Content/StarterContent/Shapes/Shape_Trim_90_In.uasset" 719
"../../../../../../antoinejohn/Documents/Unreal Projects/Runner1/Content/StarterContent/Shapes/Shape_Trim.uasset" 720
"../../../../../../antoinejohn/Documents/Unreal Projects/Runner1/Content/StarterContent/Shapes/Shape_Torus.uasset" 721
"../../../../../../antoinejohn/Documents/Unreal Projects/Runner1/Content/StarterContent/Shapes/Shape_Sphere.uasset" 722
"../../../../../../antoinejohn/Documents/Unreal Projects/Runner1/Content/StarterContent/Shapes/Shape_QuadPyramid.uasset" 723
"../../../../../../antoinejohn/Documents/Unreal Projects/Runner1/Content/StarterContent/Shapes/Shape_Plane.uasset" 724
"../../../../../../antoinejohn/Documents/Unreal Projects/Runner1/Content/StarterContent/Shapes/Shape_Pipe_90.uasset" 725
"../../../../../../antoinejohn/Documents/Unreal Projects/Runner1/Content/StarterContent/Shapes/Shape_Pipe_180.uasset" 726
"../../../../../../antoinejohn/Documents/Unreal Projects/Runner1/Content/StarterContent/Shapes/Shape_Pipe.uasset" 727
"../../../../../../antoinejohn/Documents/Unreal Projects/Runner1/Content/StarterContent/Shapes/Shape_NarrowCapsule.uasset" 728
"../../../../../../antoinejohn/Documents/Unreal Projects/Runner1/Content/StarterContent/Shapes/Shape_Cylinder.uasset" 729
"../../../../../../antoinejohn/Documents/Unreal Projects/Runner1/Content/StarterContent/Shapes/Shape_Cube.uasset" 730
"../../../../../../antoinejohn/Documents/Unreal Projects/Runner1/Content/StarterContent/Shapes/Shape_Cone.uasset" 731
"../../../../../../antoinejohn/Documents/Unreal Projects/Runner1/Content/StarterContent/Props/Materials/M_TableRound.uasset" 732
"../../../../../../antoinejohn/Documents/Unreal Projects/Runner1/Content/StarterContent/Textures/T_TableRound_M.uasset" 733
"../../../../../../antoinejohn/Documents/Unreal Projects/Runner1/Content/StarterContent/Textures/T_TableRound_N.uasset" 734
"../../../../../../antoinejohn/Documents/Unreal Projects/Runner1/Content/StarterContent/Props/Materials/M_StatueGlass.uasset" 735
"../../../../../../antoinejohn/Documents/Unreal Projects/Runner1/Content/StarterContent/Textures/T_Statue_M.uasset" 736
"../../../../../../antoinejohn/Documents/Unreal Projects/Runner1/Content/StarterContent/Textures/T_Statue_N.uasset" 737
"../../../../../../antoinejohn/Documents/Unreal Projects/Runner1/Content/StarterContent/Props/Materials/M_Statue.uasset" 738
"../../../../../../antoinejohn/Documents/Unreal Projects/Runner1/Content/StarterContent/Props/SM_Statue.uasset" 739
"../../../../../../antoinejohn/Documents/Unreal Projects/Runner1/Content/StarterContent/Props/Materials/M_Shelf.uasset" 740
"../../../../../../antoinejohn/Documents/Unreal Projects/Runner1/Content/StarterContent/Textures/T_Shelf_M.uasset" 741
"../../../../../../antoinejohn/Documents/Unreal Projects/Runner1/Content/StarterContent/Textures/T_Shelf_N.uasset" 742
"../../../../../../antoinejohn/Documents/Unreal Projects/Runner1/Content/StarterContent/Props/Materials/M_MaterialSphere_Plain.uasset" 743
"../../../../../../antoinejohn/Documents/Unreal Projects/Runner1/Content/StarterContent/Props/Materials/M_MaterialSphere.uasset" 744
"../../../../../../antoinejohn/Documents/Unreal Projects/Runner1/Content/StarterContent/Props/Materials/M_Lamp.uasset" 745
"../../../../../../antoinejohn/Documents/Unreal Projects/Runner1/Content/StarterContent/Textures/T_Lamp_M.uasset" 746
"../../../../../../antoinejohn/Documents/Unreal Projects/Runner1/Content/StarterContent/Textures/T_Lamp_N.uasset" 747
"../../../../../../antoinejohn/Documents/Unreal Projects/Runner1/Content/StarterContent/Props/Materials/M_Frame.uasset" 748
"../../../../../../antoinejohn/Documents/Unreal Projects/Runner1/Content/StarterContent/Textures/T_Frame_M.uasset" 749
"../../../../../../antoinejohn/Documents/Unreal Projects/Runner1/Content/StarterContent/Textures/T_Frame_N.uasset" 750
"../../../../../../antoinejohn/Documents/Unreal Projects/Runner1/Content/StarterContent/Props/Materials/M_Door.uasset" 751
"../../../../../../antoinejohn/Documents/Unreal Projects/Runner1/Content/StarterContent/Textures/T_Door_M.uasset" 752
"../../../../../../antoinejohn/Documents/Unreal Projects/Runner1/Content/StarterContent/Textures/T_Door_N.uasset" 753
"../../../../../../antoinejohn/Documents/Unreal Projects/Runner1/Content/StarterContent/Props/Materials/M_Chair.uasset" 754
"../../../../../../antoinejohn/Documents/Unreal Projects/Runner1/Content/StarterContent/Textures/T_Chair_M.uasset" 755
"../../../../../../antoinejohn/Documents/Unreal Projects/Runner1/Content/StarterContent/Textures/T_Chair_N.uasset" 756
"../../../../../../antoinejohn/Documents/Unreal Projects/Runner1/Content/StarterContent/Props/Materials/M_Bush.uasset" 757
"../../../../../../antoinejohn/Documents/Unreal Projects/Runner1/Content/StarterContent/Textures/T_Bush_D.uasset" 758
"../../../../../../antoinejohn/Documents/Unreal Projects/Runner1/Content/StarterContent/Textures/T_Bush_N.uasset" 759
"../../../../../../antoinejohn/Documents/Unreal Projects/Runner1/Content/StarterContent/Props/SM_WindowFrame.uasset" 760
"../../../../../../antoinejohn/Documents/Unreal Projects/Runner1/Content/StarterContent/Props/SM_TableRound.uasset" 761
"../../../../../../antoinejohn/Documents/Unreal Projects/Runner1/Content/StarterContent/Props/SM_Stairs.uasset" 762
"../../../../../../antoinejohn/Documents/Unreal Projects/Runner1/Content/StarterContent/Props/SM_Shelf.uasset" 763
"../../../../../../antoinejohn/Documents/Unreal Projects/Runner1/Content/StarterContent/Props/SM_PillarFrame300.uasset" 764
"../../../../../../antoinejohn/Documents/Unreal Projects/Runner1/Content/StarterContent/Props/SM_PillarFrame.uasset" 765
"../../../../../../antoinejohn/Documents/Unreal Projects/Runner1/Content/StarterContent/Props/SM_MatPreviewMesh_02.uasset" 766
"../../../../../../antoinejohn/Documents/Unreal Projects/Runner1/Content/StarterContent/Props/SM_Lamp_Wall.uasset" 767
"../../../../../../antoinejohn/Documents/Unreal Projects/Runner1/Content/StarterContent/Props/SM_Lamp_Ceiling.uasset" 768
"../../../../../../antoinejohn/Documents/Unreal Projects/Runner1/Content/StarterContent/Props/SM_GlassWindow.uasset" 769
"../../../../../../antoinejohn/Documents/Unreal Projects/Runner1/Content/StarterContent/Materials/M_Glass.uasset" 770
"../../../../../../antoinejohn/Documents/Unreal Projects/Runner1/Content/StarterContent/Props/SM_DoorFrame.uasset" 771
"../../../../../../antoinejohn/Documents/Unreal Projects/Runner1/Content/StarterContent/Props/SM_Door.uasset" 772
"../../../../../../antoinejohn/Documents/Unreal Projects/Runner1/Content/StarterContent/Props/SM_Couch.uasset" 773
"../../../../../../antoinejohn/Documents/Unreal Projects/Runner1/Content/StarterContent/Props/SM_CornerFrame.uasset" 774
"../../../../../../antoinejohn/Documents/Unreal Projects/Runner1/Content/StarterContent/Props/SM_Chair.uasset" 775
"../../../../../../antoinejohn/Documents/Unreal Projects/Runner1/Content/StarterContent/Props/SM_Bush.uasset" 776
"../../../../../../antoinejohn/Documents/Unreal Projects/Runner1/Content/StarterContent/Props/MaterialSphere.uasset" 777
"../../../../../../antoinejohn/Documents/Unreal Projects/Runner1/Content/StarterContent/Particles/Materials/M_Spark.uasset" 778
"../../../../../../antoinejohn/Documents/Unreal Projects/Runner1/Content/StarterContent/Textures/T_Spark_Core.uasset" 779
"../../../../../../antoinejohn/Documents/Unreal Projects/Runner1/Content/StarterContent/Particles/Materials/M_Radial_Gradient.uasset" 780
"../../../../../../antoinejohn/Documents/Unreal Projects/Runner1/Content/StarterContent/Particles/Materials/M_Heat_Distortion.uasset" 781
"../../../../../../antoinejohn/Documents/Unreal Projects/Runner1/Content/StarterContent/Textures/T_Water_N.uasset" 782
"../../../../../../antoinejohn/Documents/Unreal Projects/Runner1/Content/StarterContent/Particles/Materials/M_Fire_SubUV.uasset" 783
"../../../../../../antoinejohn/Documents/Unreal Projects/Runner1/Content/StarterContent/Textures/T_Fire_SubUV.uasset" 784
"../../../../../../antoinejohn/Documents/Unreal Projects/Runner1/Content/StarterContent/Textures/T_Fire_Tiled_D.uasset" 785
"../../../../../../antoinejohn/Documents/Unreal Projects/Runner1/Content/StarterContent/Particles/Materials/M_Dust_Particle.uasset" 786
"../../../../../../antoinejohn/Documents/Unreal Projects/Runner1/Content/StarterContent/Textures/T_Dust_Particle_D.uasset" 787
"../../../../../../antoinejohn/Documents/Unreal Projects/Runner1/Content/StarterContent/Particles/P_Steam_Lit.uasset" 788
"../../../../../../antoinejohn/Documents/Unreal Projects/Runner1/Content/StarterContent/Materials/M_Wood_Pine.uasset" 789
"../../../../../../antoinejohn/Documents/Unreal Projects/Runner1/Content/StarterContent/Textures/T_MacroVariation.uasset" 790
"../../../../../../antoinejohn/Documents/Unreal Projects/Runner1/Content/StarterContent/Textures/T_Perlin_Noise_M.uasset" 791
"../../../../../../antoinejohn/Documents/Unreal Projects/Runner1/Content/StarterContent/Textures/T_Wood_Pine_D.uasset" 792
"../../../../../../antoinejohn/Documents/Unreal Projects/Runner1/Content/StarterContent/Textures/T_Wood_Pine_N.uasset" 793
"../../../../../../antoinejohn/Documents/Unreal Projects/Runner1/Content/StarterContent/Materials/M_Wood_Oak.uasset" 794
"../../../../../../antoinejohn/Documents/Unreal Projects/Runner1/Content/StarterContent/Textures/T_Wood_Oak_D.uasset" 795
"../../../../../../antoinejohn/Documents/Unreal Projects/Runner1/Content/StarterContent/Textures/T_Wood_Oak_N.uasset" 796
"../../../../../../antoinejohn/Documents/Unreal Projects/Runner1/Content/StarterContent/Materials/M_Wood_Floor_Walnut_Worn.uasset" 797
"../../../Engine/Content/Functions/Engine_MaterialFunctions01/Opacity/AlphaOffset.uasset" 798
"../../../../../../antoinejohn/Documents/Unreal Projects/Runner1/Content/StarterContent/Textures/T_Wood_Floor_Walnut_D.uasset" 799
"../../../../../../antoinejohn/Documents/Unreal Projects/Runner1/Content/StarterContent/Textures/T_Wood_Floor_Walnut_M.uasset" 800
"../../../../../../antoinejohn/Documents/Unreal Projects/Runner1/Content/StarterContent/Textures/T_Wood_Floor_Walnut_N.uasset" 801
"../../../../../../antoinejohn/Documents/Unreal Projects/Runner1/Content/StarterContent/Materials/M_Wood_Floor_Walnut_Polished.uasset" 802
"../../../../../../antoinejohn/Documents/Unreal Projects/Runner1/Content/StarterContent/Materials/M_Water_Ocean.uasset" 803
"../../../../../../antoinejohn/Documents/Unreal Projects/Runner1/Content/StarterContent/Textures/T_Water_M.uasset" 804
"../../../../../../antoinejohn/Documents/Unreal Projects/Runner1/Content/StarterContent/Materials/M_Water_Lake.uasset" 805
"../../../../../../antoinejohn/Documents/Unreal Projects/Runner1/Content/StarterContent/Materials/M_Tech_Panel.uasset" 806
"../../../../../../antoinejohn/Documents/Unreal Projects/Runner1/Content/StarterContent/Textures/T_Metal_Steel_D.uasset" 807
"../../../../../../antoinejohn/Documents/Unreal Projects/Runner1/Content/StarterContent/Textures/T_Tech_Panel_M.uasset" 808
"../../../../../../antoinejohn/Documents/Unreal Projects/Runner1/Content/StarterContent/Textures/T_Tech_Panel_N.uasset" 809
"../../../../../../antoinejohn/Documents/Unreal Projects/Runner1/Content/StarterContent/Materials/M_Tech_Hex_Tile_Pulse.uasset" 810
"../../../../../../antoinejohn/Documents/Unreal Projects/Runner1/Content/StarterContent/Textures/T_Tech_Hex_Tile_M.uasset" 811
"../../../../../../antoinejohn/Documents/Unreal Projects/Runner1/Content/StarterContent/Textures/T_Tech_Hex_Tile_N.uasset" 812
"../../../../../../antoinejohn/Documents/Unreal Projects/Runner1/Content/StarterContent/Materials/M_Tech_Hex_Tile.uasset" 813
"../../../../../../antoinejohn/Documents/Unreal Projects/Runner1/Content/StarterContent/Materials/M_Tech_Checker_Dot.uasset" 814
"../../../../../../antoinejohn/Documents/Unreal Projects/Runner1/Content/StarterContent/Textures/T_Checker_Noise_M.uasset" 815
"../../../../../../antoinejohn/Documents/Unreal Projects/Runner1/Content/StarterContent/Textures/T_Single_Tile_N.uasset" 816
"../../../../../../antoinejohn/Documents/Unreal Projects/Runner1/Content/StarterContent/Textures/T_Tech_Dot_M.uasset" 817
"../../../../../../antoinejohn/Documents/Unreal Projects/Runner1/Content/StarterContent/Textures/T_Tech_Dot_N.uasset" 818
"../../../../../../antoinejohn/Documents/Unreal Projects/Runner1/Content/StarterContent/Materials/M_Rock_Slate.uasset" 819
"../../../../../../antoinejohn/Documents/Unreal Projects/Runner1/Content/StarterContent/Textures/T_Rock_Slate_D.uasset" 820
"../../../../../../antoinejohn/Documents/Unreal Projects/Runner1/Content/StarterContent/Textures/T_Rock_Slate_N.uasset" 821
"../../../../../../antoinejohn/Documents/Unreal Projects/Runner1/Content/StarterContent/Materials/M_Rock_Sandstone.uasset" 822
"../../../../../../antoinejohn/Documents/Unreal Projects/Runner1/Content/StarterContent/Textures/T_Rock_Sandstone_D.uasset" 823
"../../../../../../antoinejohn/Documents/Unreal Projects/Runner1/Content/StarterContent/Textures/T_Rock_Sandstone_N.uasset" 824
"../../../../../../antoinejohn/Documents/Unreal Projects/Runner1/Content/StarterContent/Materials/M_Rock_Marble_Polished.uasset" 825
"../../../../../../antoinejohn/Documents/Unreal Projects/Runner1/Content/StarterContent/Textures/T_Metal_Gold_N.uasset" 826
"../../../../../../antoinejohn/Documents/Unreal Projects/Runner1/Content/StarterContent/Textures/T_Rock_Marble_Polished_D.uasset" 827
"../../../../../../antoinejohn/Documents/Unreal Projects/Runner1/Content/StarterContent/Materials/M_Rock_Basalt.uasset" 828
"../../../../../../antoinejohn/Documents/Unreal Projects/Runner1/Content/StarterContent/Textures/T_Rock_Basalt_N.uasset" 829
"../../../../../../antoinejohn/Documents/Unreal Projects/Runner1/Content/StarterContent/Materials/M_Metal_Steel.uasset" 830
"../../../../../../antoinejohn/Documents/Unreal Projects/Runner1/Content/StarterContent/Textures/T_Metal_Steel_N.uasset" 831
"../../../../../../antoinejohn/Documents/Unreal Projects/Runner1/Content/StarterContent/Materials/M_Metal_Rust.uasset" 832
"../../../../../../antoinejohn/Documents/Unreal Projects/Runner1/Content/StarterContent/Textures/T_Metal_Rust_D.uasset" 833
"../../../../../../antoinejohn/Documents/Unreal Projects/Runner1/Content/StarterContent/Textures/T_Metal_Rust_N.uasset" 834
"../../../../../../antoinejohn/Documents/Unreal Projects/Runner1/Content/StarterContent/Materials/M_Metal_Gold.uasset" 835
"../../../../../../antoinejohn/Documents/Unreal Projects/Runner1/Content/StarterContent/Textures/T_Metal_Gold_D.uasset" 836
"../../../../../../antoinejohn/Documents/Unreal Projects/Runner1/Content/StarterContent/Materials/M_Metal_Copper.uasset" 837
"../../../../../../antoinejohn/Documents/Unreal Projects/Runner1/Content/StarterContent/Textures/T_Metal_Copper_D.uasset" 838
"../../../../../../antoinejohn/Documents/Unreal Projects/Runner1/Content/StarterContent/Materials/M_Metal_Chrome.uasset" 839
"../../../../../../antoinejohn/Documents/Unreal Projects/Runner1/Content/StarterContent/Materials/M_Metal_Burnished_Steel.uasset" 840
"../../../../../../antoinejohn/Documents/Unreal Projects/Runner1/Content/StarterContent/Textures/T_Metal_Aluminum_D.uasset" 841
"../../../../../../antoinejohn/Documents/Unreal Projects/Runner1/Content/StarterContent/Materials/M_Metal_Brushed_Nickel.uasset" 842
"../../../../../../antoinejohn/Documents/Unreal Projects/Runner1/Content/StarterContent/Materials/M_Ground_Moss.uasset" 843
"../../../../../../antoinejohn/Documents/Unreal Projects/Runner1/Content/StarterContent/Textures/T_ground_Moss_D.uasset" 844
"../../../../../../antoinejohn/Documents/Unreal Projects/Runner1/Content/StarterContent/Textures/T_Ground_Moss_N.uasset" 845
"../../../../../../antoinejohn/Documents/Unreal Projects/Runner1/Content/StarterContent/Materials/M_Ground_Gravel.uasset" 846
"../../../../../../antoinejohn/Documents/Unreal Projects/Runner1/Content/StarterContent/Textures/T_Ground_Gravel_D.uasset" 847
"../../../../../../antoinejohn/Documents/Unreal Projects/Runner1/Content/StarterContent/Textures/T_Ground_Gravel_N.uasset" 848
"../../../../../../antoinejohn/Documents/Unreal Projects/Runner1/Content/StarterContent/Materials/M_Ground_Grass.uasset" 849
"../../../../../../antoinejohn/Documents/Unreal Projects/Runner1/Content/StarterContent/Textures/T_Ground_Grass_D.uasset" 850
"../../../../../../antoinejohn/Documents/Unreal Projects/Runner1/Content/StarterContent/Textures/T_Ground_Grass_N.uasset" 851
"../../../../../../antoinejohn/Documents/Unreal Projects/Runner1/Content/StarterContent/Materials/M_Concrete_Tiles.uasset" 852
"../../../../../../antoinejohn/Documents/Unreal Projects/Runner1/Content/StarterContent/Textures/T_Concrete_Tiles_D.uasset" 853
"../../../../../../antoinejohn/Documents/Unreal Projects/Runner1/Content/StarterContent/Textures/T_Concrete_Tiles_M.uasset" 854
"../../../../../../antoinejohn/Documents/Unreal Projects/Runner1/Content/StarterContent/Textures/T_Concrete_Tiles_N.uasset" 855
"../../../../../../antoinejohn/Documents/Unreal Projects/Runner1/Content/StarterContent/Materials/M_Concrete_Poured.uasset" 856
"../../../../../../antoinejohn/Documents/Unreal Projects/Runner1/Content/StarterContent/Textures/T_Concrete_Poured_D.uasset" 857
"../../../../../../antoinejohn/Documents/Unreal Projects/Runner1/Content/StarterContent/Materials/M_Concrete_Panels.uasset" 858
"../../../../../../antoinejohn/Documents/Unreal Projects/Runner1/Content/StarterContent/Textures/T_Concrete_Panels_D.uasset" 859
"../../../../../../antoinejohn/Documents/Unreal Projects/Runner1/Content/StarterContent/Textures/T_Concrete_Panels_N.uasset" 860
"../../../../../../antoinejohn/Documents/Unreal Projects/Runner1/Content/StarterContent/Materials/M_Concrete_Grime.uasset" 861
"../../../../../../antoinejohn/Documents/Unreal Projects/Runner1/Content/StarterContent/Textures/T_Concrete_Grime_D.uasset" 862
"../../../../../../antoinejohn/Documents/Unreal Projects/Runner1/Content/StarterContent/Materials/M_ColorGrid_LowSpec.uasset" 863
"../../../../../../antoinejohn/Documents/Unreal Projects/Runner1/Content/StarterContent/Materials/M_CobbleStone_Smooth.uasset" 864
"../../../../../../antoinejohn/Documents/Unreal Projects/Runner1/Content/StarterContent/Textures/T_CobbleStone_Smooth_D.uasset" 865
"../../../../../../antoinejohn/Documents/Unreal Projects/Runner1/Content/StarterContent/Textures/T_CobbleStone_Smooth_M.uasset" 866
"../../../../../../antoinejohn/Documents/Unreal Projects/Runner1/Content/StarterContent/Textures/T_CobbleStone_Smooth_N.uasset" 867
"../../../../../../antoinejohn/Documents/Unreal Projects/Runner1/Content/StarterContent/Textures/T_Gradinet_01.uasset" 868
"../../../../../../antoinejohn/Documents/Unreal Projects/Runner1/Content/StarterContent/Textures/T_Rock_Smooth_Granite_D.uasset" 869
"../../../../../../antoinejohn/Documents/Unreal Projects/Runner1/Content/StarterContent/Materials/M_CobbleStone_Rough.uasset" 870
"../../../../../../antoinejohn/Documents/Unreal Projects/Runner1/Content/StarterContent/Textures/T_CobbleStone_Rough_D.uasset" 871
"../../../../../../antoinejohn/Documents/Unreal Projects/Runner1/Content/StarterContent/Textures/T_CobbleStone_Rough_N.uasset" 872
"../../../../../../antoinejohn/Documents/Unreal Projects/Runner1/Content/StarterContent/Materials/M_CobbleStone_Pebble.uasset" 873
"../../../../../../antoinejohn/Documents/Unreal Projects/Runner1/Content/StarterContent/Textures/T_CobbleStone_Pebble_D.uasset" 874
"../../../../../../antoinejohn/Documents/Unreal Projects/Runner1/Content/StarterContent/Textures/T_CobbleStone_Pebble_M.uasset" 875
"../../../../../../antoinejohn/Documents/Unreal Projects/Runner1/Content/StarterContent/Textures/T_CobbleStone_Pebble_N.uasset" 876
"../../../../../../antoinejohn/Documents/Unreal Projects/Runner1/Content/StarterContent/Materials/M_Ceramic_Tile_Checker.uasset" 877
"../../../../../../antoinejohn/Documents/Unreal Projects/Runner1/Content/StarterContent/Textures/T_Ceramic_Tile_M.uasset" 878
"../../../../../../antoinejohn/Documents/Unreal Projects/Runner1/Content/StarterContent/Textures/T_Ceramic_Tile_N.uasset" 879
"../../../../../../antoinejohn/Documents/Unreal Projects/Runner1/Content/StarterContent/Materials/M_Brick_Hewn_Stone.uasset" 880
"../../../../../../antoinejohn/Documents/Unreal Projects/Runner1/Content/StarterContent/Textures/T_Brick_Hewn_Stone_D.uasset" 881
"../../../../../../antoinejohn/Documents/Unreal Projects/Runner1/Content/StarterContent/Textures/T_Brick_Hewn_Stone_M.uasset" 882
"../../../../../../antoinejohn/Documents/Unreal Projects/Runner1/Content/StarterContent/Textures/T_Brick_Hewn_Stone_N.uasset" 883
"../../../../../../antoinejohn/Documents/Unreal Projects/Runner1/Content/StarterContent/Materials/M_Brick_Cut_Stone.uasset" 884
"../../../../../../antoinejohn/Documents/Unreal Projects/Runner1/Content/StarterContent/Textures/T_Brick_Cut_Stone_D.uasset" 885
"../../../../../../antoinejohn/Documents/Unreal Projects/Runner1/Content/StarterContent/Textures/T_Brick_Cut_Stone_N.uasset" 886
